24-12-2021 15:11:33.548 INFO main_test - <module>: -----------------PGM-STARTED---------------------
24-12-2021 15:11:35.056 INFO scraper - get_data: Found new company ('Altus Power Inc - Class A', '$10.75', '$10.30', 'Jeffrey Ubben', 'New holding')
24-12-2021 15:11:35.634 INFO scraper - get_data: Found new company ('Hagerty Inc - Class A', '-', '$13.65', 'Tom Gayner', 'New holding')
24-12-2021 15:11:37.243 INFO scraper - get_data: Found new company ('Weave Communications Inc', '$21.13', '$15.37', 'Tiger Global', 'New holding')
24-12-2021 15:11:37.986 INFO mail - check_new_companies: old companies: 
Empty DataFrame
Columns: [Company Name, Investor Price, Investor, Action]
Index: []
24-12-2021 15:11:37.986 INFO mail - check_new_companies: new companies: 
                Company Name Investor Price       Investor       Action
0  Altus Power Inc - Class A         $10.75  Jeffrey Ubben  New holding
1      Hagerty Inc - Class A              -     Tom Gayner  New holding
2   Weave Communications Inc         $21.13   Tiger Global  New holding
24-12-2021 15:11:37.986 INFO mail - check_new_companies: found new companies
24-12-2021 15:11:37.986 INFO mail - get_receivers_address: receivers: ['luca.benzi.92@gmail.com', 'ciao@hotmail.it']
24-12-2021 15:11:37.986 INFO mail - send_mail: sender_email: btmercati@gmail.com - receiver_email: ['luca.benzi.92@gmail.com', 'ciao@hotmail.it'] 
24-12-2021 15:11:38.220 INFO mail - send_mail_ssl: login into mail account
24-12-2021 15:11:38.501 INFO mail - send_mail_ssl: login OK
24-12-2021 15:11:38.501 INFO mail - send_mail_ssl: sending mail
24-12-2021 15:11:39.196 INFO mail - send_mail_ssl: mail sent with the following message: Content-Type: multipart/alternative; boundary="===============8203505455215629582=="
MIME-Version: 1.0
Subject: INVESTITORI IPO
From: btmercati@gmail.com
To: luca.benzi.92@gmail.com, ciao@hotmail.it

--===============8203505455215629582==
Content-Type: text/html; charset="us-ascii"
MIME-Version: 1.0
Content-Transfer-Encoding: 7bit

<!DOCTYPE html><html>
<head><style>

#customers {
  font-family: Arial, Helvetica, sans-serif;
  border-collapse: collapse;
  width: 100%;
}

#customers td, #customers th {
  border: 1px solid #ddd;
  padding: 8px;
}

#customers tr:nth-child(even){background-color: #f2f2f2;}

#customers tr:hover {background-color: #ddd;}

#customers th {
  padding-top: 12px;
  padding-bottom: 12px;
  text-align: left;
  background-color: #04AA6D;
  color: white;
}
</style><table border="1" class="dataframe" id="customers">  <thead>    <tr style="text-align: right;">      <th></th>      <th>Company Name</th>      <th>Investor Price</th>      <th>Current Price</th>      <th>Investor</th>      <th>Action</th>    </tr>  </thead>  <tbody>    <tr>      <th>0</th>      <td>Altus Power Inc - Class A</td>      <td>$10.75</td>      <td>$10.30</td>      <td>Jeffrey Ubben</td>      <td>New holding</td>    </tr>    <tr>      <th>1</th>      <td>Hagerty Inc - Class A</td>      <td>-</td>      <td>$13.65</td>      <td>Tom Gayner</td>      <td>New holding</td>    </tr>    <tr>      <th>2</th>      <td>Weave Communications Inc</td>      <td>$21.13</td>      <td>$15.37</td>      <td>Tiger Global</td>      <td>New holding</td>    </tr>  </tbody></table></html>
--===============8203505455215629582==--

24-12-2021 15:11:39.243 INFO main_test - <module>: -----------------PGM-ENDED---------------------












24-12-2021 15:12:00.362 INFO main_test - <module>: -----------------PGM-STARTED---------------------
24-12-2021 15:12:01.777 INFO scraper - get_data: Found new company ('Altus Power Inc - Class A', '$10.75', '$10.30', 'Jeffrey Ubben', 'New holding')
24-12-2021 15:12:02.633 INFO scraper - get_data: Found new company ('Hagerty Inc - Class A', '-', '$13.65', 'Tom Gayner', 'New holding')
24-12-2021 15:12:04.223 INFO scraper - get_data: Found new company ('Weave Communications Inc', '$21.13', '$15.37', 'Tiger Global', 'New holding')
24-12-2021 15:12:04.656 INFO mail - check_new_companies: old companies: 
                Company Name Investor Price       Investor       Action
0  Altus Power Inc - Class A         $10.75  Jeffrey Ubben  New holding
1      Hagerty Inc - Class A              -     Tom Gayner  New holding
2   Weave Communications Inc         $21.13   Tiger Global  New holding
24-12-2021 15:12:04.656 INFO mail - check_new_companies: new companies: 
                Company Name Investor Price       Investor       Action
0  Altus Power Inc - Class A         $10.75  Jeffrey Ubben  New holding
1      Hagerty Inc - Class A              -     Tom Gayner  New holding
2   Weave Communications Inc         $21.13   Tiger Global  New holding
24-12-2021 15:12:04.656 INFO mail - check_new_companies: no companies
24-12-2021 15:12:04.656 INFO main_test - <module>: -----------------PGM-ENDED---------------------












24-12-2021 15:19:41.173 INFO main_test - <module>: -----------------PGM-STARTED---------------------
24-12-2021 15:19:42.776 INFO scraper - get_data: Found new company ('Altus Power Inc - Class A', '$10.75', '$10.30', 'Jeffrey Ubben', 'New holding')
24-12-2021 15:19:43.596 INFO scraper - get_data: Found new company ('Hagerty Inc - Class A', '-', '$13.65', 'Tom Gayner', 'New holding')
24-12-2021 15:19:44.862 INFO scraper - get_data: Found new company ('Weave Communications Inc', '$21.13', '$15.37', 'Tiger Global', 'New holding')
24-12-2021 15:19:45.571 INFO mail - check_new_companies: old companies: 
                Company Name Investor Price       Investor       Action
0  Altus Power Inc - Class A         $10.75  Jeffrey Ubben  New holding
1      Hagerty Inc - Class A              -     Tom Gayner  New holding
2   Weave Communications Inc         $21.23   Tiger Global  New holding
24-12-2021 15:19:45.571 INFO mail - check_new_companies: new companies: 
                Company Name Investor Price       Investor       Action
0  Altus Power Inc - Class A         $10.75  Jeffrey Ubben  New holding
1      Hagerty Inc - Class A              -     Tom Gayner  New holding
2   Weave Communications Inc         $21.13   Tiger Global  New holding
24-12-2021 15:19:45.571 INFO mail - check_new_companies: found new companies
24-12-2021 15:19:45.571 INFO mail - get_receivers_address: receivers: ['luca.benzi.92@gmail.com', 'ciao@hotmail.it']
24-12-2021 15:19:45.571 INFO mail - send_mail: sender_email: btmercati@gmail.com - receiver_email: ['luca.benzi.92@gmail.com', 'ciao@hotmail.it'] 
24-12-2021 15:19:45.805 INFO mail - send_mail_ssl: login into mail account
24-12-2021 15:19:46.172 INFO mail - send_mail_ssl: login OK
24-12-2021 15:19:46.172 INFO mail - send_mail_ssl: sending mail
24-12-2021 15:19:47.047 INFO mail - send_mail_ssl: mail sent with the following message: Content-Type: multipart/alternative; boundary="===============9214262075673857982=="
MIME-Version: 1.0
Subject: INVESTITORI IPO
From: btmercati@gmail.com
To: luca.benzi.92@gmail.com, ciao@hotmail.it

--===============9214262075673857982==
Content-Type: text/html; charset="us-ascii"
MIME-Version: 1.0
Content-Transfer-Encoding: 7bit

<!DOCTYPE html><html>
<head><style>

#customers {
  font-family: Arial, Helvetica, sans-serif;
  border-collapse: collapse;
  width: 100%;
}

#customers td, #customers th {
  border: 1px solid #ddd;
  padding: 8px;
}

#customers tr:nth-child(even){background-color: #f2f2f2;}

#customers tr:hover {background-color: #ddd;}

#customers th {
  padding-top: 12px;
  padding-bottom: 12px;
  text-align: left;
  background-color: #04AA6D;
  color: white;
}
</style></head><body><table border="1" class="dataframe" id="customers">  <thead>    <tr style="text-align: right;">      <th></th>      <th>Company Name</th>      <th>Investor Price</th>      <th>Current Price</th>      <th>Investor</th>      <th>Action</th>    </tr>  </thead>  <tbody>    <tr>      <th>0</th>      <td>Altus Power Inc - Class A</td>      <td>$10.75</td>      <td>$10.30</td>      <td>Jeffrey Ubben</td>      <td>New holding</td>    </tr>    <tr>      <th>1</th>      <td>Hagerty Inc - Class A</td>      <td>-</td>      <td>$13.65</td>      <td>Tom Gayner</td>      <td>New holding</td>    </tr>    <tr>      <th>2</th>      <td>Weave Communications Inc</td>      <td>$21.13</td>      <td>$15.37</td>      <td>Tiger Global</td>      <td>New holding</td>    </tr>  </tbody></table></body></html>
--===============9214262075673857982==--

24-12-2021 15:19:47.110 INFO main_test - <module>: -----------------PGM-ENDED---------------------












24-12-2021 15:23:07.400 INFO main_test - <module>: -----------------PGM-STARTED---------------------
24-12-2021 15:23:08.895 INFO scraper - get_data: Found new company ('Altus Power Inc - Class A', '$10.75', '$10.30', 'Jeffrey Ubben', 'New holding')
24-12-2021 15:23:09.731 INFO scraper - get_data: Found new company ('Hagerty Inc - Class A', '-', '$13.65', 'Tom Gayner', 'New holding')
24-12-2021 15:23:11.004 INFO scraper - get_data: Found new company ('Weave Communications Inc', '$21.13', '$15.37', 'Tiger Global', 'New holding')
24-12-2021 15:23:11.745 INFO mail - check_new_companies: old companies: 
                Company Name Investor Price       Investor       Action
0  Altus Power Inc - Class A         $10.75  Jeffrey Ubben  New holding
1      Hagerty Inc - Class A              -     Tom Gayner  New holding
2   Weave Communications Inc         $21.23   Tiger Global  New holding
24-12-2021 15:23:11.761 INFO mail - check_new_companies: new companies: 
                Company Name Investor Price       Investor       Action
0  Altus Power Inc - Class A         $10.75  Jeffrey Ubben  New holding
1      Hagerty Inc - Class A              -     Tom Gayner  New holding
2   Weave Communications Inc         $21.13   Tiger Global  New holding
24-12-2021 15:23:11.761 INFO mail - check_new_companies: found new companies
24-12-2021 15:23:11.761 INFO mail - get_receivers_address: receivers: ['luca.benzi.92@gmail.com', 'ciao@hotmail.it']
24-12-2021 15:23:11.761 INFO mail - send_mail: sender_email: btmercati@gmail.com - receiver_email: ['luca.benzi.92@gmail.com', 'ciao@hotmail.it'] 
24-12-2021 15:23:11.980 INFO mail - send_mail_ssl: login into mail account
24-12-2021 15:23:12.529 INFO mail - send_mail_ssl: login OK
24-12-2021 15:23:12.529 INFO mail - send_mail_ssl: sending mail
24-12-2021 15:23:13.223 INFO mail - send_mail_ssl: mail sent with the following message: Content-Type: multipart/alternative; boundary="===============7412933421207773989=="
MIME-Version: 1.0
Subject: INVESTITORI IPO
From: btmercati@gmail.com
To: luca.benzi.92@gmail.com, ciao@hotmail.it

--===============7412933421207773989==
Content-Type: text/html; charset="us-ascii"
MIME-Version: 1.0
Content-Transfer-Encoding: 7bit

<!DOCTYPE html>
<html>
<head>
<meta http-equiv="Content-Type" content="text/html charset=UTF-8" />
<style>

#customers {
  font-family: Arial, Helvetica, sans-serif;
  border-collapse: collapse;
  width: 100%;
}

#customers td, #customers th {
  border: 1px solid #ddd;
  padding: 8px;
}

#customers tr:nth-child(even){background-color: #f2f2f2;}

#customers tr:hover {background-color: #ddd;}

#customers th {
  padding-top: 12px;
  padding-bottom: 12px;
  text-align: left;
  background-color: #04AA6D;
  color: white;
}
</style></head><body><table border="1" class="dataframe" id="customers">  <thead>    <tr style="text-align: right;">      <th></th>      <th>Company Name</th>      <th>Investor Price</th>      <th>Current Price</th>      <th>Investor</th>      <th>Action</th>    </tr>  </thead>  <tbody>    <tr>      <th>0</th>      <td>Altus Power Inc - Class A</td>      <td>$10.75</td>      <td>$10.30</td>      <td>Jeffrey Ubben</td>      <td>New holding</td>    </tr>    <tr>      <th>1</th>      <td>Hagerty Inc - Class A</td>      <td>-</td>      <td>$13.65</td>      <td>Tom Gayner</td>      <td>New holding</td>    </tr>    <tr>      <th>2</th>      <td>Weave Communications Inc</td>      <td>$21.13</td>      <td>$15.37</td>      <td>Tiger Global</td>      <td>New holding</td>    </tr>  </tbody></table></body>
</html>
--===============7412933421207773989==--

24-12-2021 15:23:13.286 INFO main_test - <module>: -----------------PGM-ENDED---------------------












24-12-2021 15:25:05.428 INFO main_test - <module>: -----------------PGM-STARTED---------------------
24-12-2021 15:25:07.014 INFO scraper - get_data: Found new company ('Altus Power Inc - Class A', '$10.75', '$10.30', 'Jeffrey Ubben', 'New holding')
24-12-2021 15:25:07.852 INFO scraper - get_data: Found new company ('Hagerty Inc - Class A', '-', '$13.65', 'Tom Gayner', 'New holding')
24-12-2021 15:25:09.203 INFO scraper - get_data: Found new company ('Weave Communications Inc', '$21.13', '$15.37', 'Tiger Global', 'New holding')
24-12-2021 15:25:09.937 INFO mail - check_new_companies: old companies: 
                Company Name Investor Price       Investor       Action
0  Altus Power Inc - Class A         $10.75  Jeffrey Ubben  New holding
1      Hagerty Inc - Class A              -     Tom Gayner  New holding
2   Weave Communications Inc         $21.23   Tiger Global  New holding
24-12-2021 15:25:09.937 INFO mail - check_new_companies: new companies: 
                Company Name Investor Price       Investor       Action
0  Altus Power Inc - Class A         $10.75  Jeffrey Ubben  New holding
1      Hagerty Inc - Class A              -     Tom Gayner  New holding
2   Weave Communications Inc         $21.13   Tiger Global  New holding
24-12-2021 15:25:09.937 INFO mail - check_new_companies: found new companies
24-12-2021 15:25:09.937 INFO mail - get_receivers_address: receivers: ['luca.benzi.92@gmail.com', 'ciao@hotmail.it']
24-12-2021 15:25:09.937 INFO mail - send_mail: sender_email: btmercati@gmail.com - receiver_email: ['luca.benzi.92@gmail.com', 'ciao@hotmail.it'] 
24-12-2021 15:25:10.140 INFO mail - send_mail_ssl: login into mail account
24-12-2021 15:25:10.437 INFO mail - send_mail_ssl: login OK
24-12-2021 15:25:10.437 INFO mail - send_mail_ssl: sending mail
24-12-2021 15:25:11.141 INFO mail - send_mail_ssl: mail sent with the following message: Content-Type: multipart/alternative; boundary="===============2265715440980341711=="
MIME-Version: 1.0
Subject: INVESTITORI IPO
From: btmercati@gmail.com
To: luca.benzi.92@gmail.com, ciao@hotmail.it

--===============2265715440980341711==
Content-Type: text/html; charset="us-ascii"
MIME-Version: 1.0
Content-Transfer-Encoding: 7bit

<!DOCTYPE html>
<html>
<head>
<meta http-equiv="Content-Type" content="text/html charset=UTF-8" />
<style>

#customers {
  font-family: Arial, Helvetica, sans-serif;
  border-collapse: collapse;
  width: 100%;
}

#customers td, #customers th {
  border: 1px solid #ddd;
  padding: 8px;
}

#customers tr:nth-child(even){background-color: #f2f2f2;}

#customers tr:hover {background-color: #ddd;}

#customers th {
  padding-top: 12px;
  padding-bottom: 12px;
  text-align: left;
  background-color: #04AA6D;
  color: white;
}
.ExternalClass {width: 100%;}
</style></head><body><table border="1" class="dataframe" id="customers">  <thead>    <tr style="text-align: right;">      <th></th>      <th>Company Name</th>      <th>Investor Price</th>      <th>Current Price</th>      <th>Investor</th>      <th>Action</th>    </tr>  </thead>  <tbody>    <tr>      <th>0</th>      <td>Altus Power Inc - Class A</td>      <td>$10.75</td>      <td>$10.30</td>      <td>Jeffrey Ubben</td>      <td>New holding</td>    </tr>    <tr>      <th>1</th>      <td>Hagerty Inc - Class A</td>      <td>-</td>      <td>$13.65</td>      <td>Tom Gayner</td>      <td>New holding</td>    </tr>    <tr>      <th>2</th>      <td>Weave Communications Inc</td>      <td>$21.13</td>      <td>$15.37</td>      <td>Tiger Global</td>      <td>New holding</td>    </tr>  </tbody></table></body>
</html>
--===============2265715440980341711==--

24-12-2021 15:25:11.203 INFO main_test - <module>: -----------------PGM-ENDED---------------------












26-12-2021 10:11:38.627 INFO main_test - <module>: -----------------PGM-STARTED---------------------
26-12-2021 10:11:39.394 INFO main_test - <module>: -----------------PGM-ENDED---------------------












26-12-2021 10:13:31.807 INFO main_test - <module>: -----------------PGM-STARTED---------------------
26-12-2021 10:13:32.604 INFO mail - check_new_companies: old companies: 
Empty DataFrame
Columns: [Company Name, Investor Price, Investor, Action]
Index: []
26-12-2021 10:13:32.604 INFO mail - check_new_companies: new companies: 
Empty DataFrame
Columns: [Company Name, Investor Price, Investor, Action]
Index: []
26-12-2021 10:13:32.604 INFO mail - check_new_companies: no companies
26-12-2021 10:13:32.604 INFO main_test - <module>: -----------------PGM-ENDED---------------------












26-12-2021 10:14:27.580 INFO main_test - <module>: -----------------PGM-STARTED---------------------
26-12-2021 10:14:28.471 INFO mail - check_new_companies: old companies: 
Empty DataFrame
Columns: [Company Name, Investor Price, Investor, Action]
Index: []
26-12-2021 10:14:28.471 INFO mail - check_new_companies: new companies: 
Empty DataFrame
Columns: [Company Name, Investor Price, Investor, Action]
Index: []
26-12-2021 10:14:28.471 INFO mail - check_new_companies: no companies
26-12-2021 10:14:28.471 INFO main_test - <module>: -----------------PGM-ENDED---------------------












26-12-2021 10:23:21.611 INFO main_test - <module>: -----------------PGM-STARTED---------------------
26-12-2021 10:23:22.724 INFO scraper - get_data: There are 0 in the website
26-12-2021 10:23:22.724 INFO mail - check_new_companies: old companies: 
Empty DataFrame
Columns: [Company Name, Investor Price, Investor, Action]
Index: []
26-12-2021 10:23:22.724 INFO mail - check_new_companies: new companies: 
Empty DataFrame
Columns: [Company Name, Investor Price, Investor, Action]
Index: []
26-12-2021 10:23:22.724 INFO mail - check_new_companies: no companies
26-12-2021 10:23:22.724 INFO main_test - <module>: -----------------PGM-ENDED---------------------












26-12-2021 10:24:19.963 INFO main_test - <module>: -----------------PGM-STARTED---------------------
26-12-2021 10:24:19.963 INFO main_test - IPO_Fillant: Getting data from web...
26-12-2021 10:24:20.807 INFO scraper - get_data: There are 0 in the website
26-12-2021 10:24:20.807 INFO main_test - IPO_Fillant: checking new companies...
26-12-2021 10:24:20.822 INFO mail - check_new_companies: old companies: 
Empty DataFrame
Columns: [Company Name, Investor Price, Investor, Action]
Index: []
26-12-2021 10:24:20.822 INFO mail - check_new_companies: new companies: 
Empty DataFrame
Columns: [Company Name, Investor Price, Investor, Action]
Index: []
26-12-2021 10:24:20.822 INFO mail - check_new_companies: no companies
26-12-2021 10:24:20.822 INFO main_test - <module>: -----------------PGM-ENDED---------------------












26-12-2021 10:31:02.144 INFO main_test - <module>: -----------------PGM-STARTED---------------------
26-12-2021 10:31:02.144 INFO main_test - IPO_Fillant: Getting data from web...
26-12-2021 10:31:03.003 INFO scraper - get_data: There are 15 in the website
26-12-2021 10:31:03.003 INFO scraper - isIPO: Checking picture: https://storage.googleapis.com/iex/api/logos/CCAP.png...
26-12-2021 10:31:03.230 INFO scraper - isIPO: Checking picture: https://storage.googleapis.com/iex/api/logos/CCAP.png...
26-12-2021 10:31:03.387 INFO scraper - isIPO: Checking picture: https://storage.googleapis.com/iex/api/logos/AMPS.png...
26-12-2021 10:31:03.668 INFO scraper - get_data: Found new company ('Altus Power Inc - Class A', '$10.75', '$10.30', 'Jeffrey Ubben', 'New holding')
26-12-2021 10:31:03.668 INFO scraper - isIPO: Checking picture: https://storage.googleapis.com/iex/api/logos/UPST.png...
26-12-2021 10:31:03.961 INFO scraper - isIPO: Checking picture: https://storage.googleapis.com/iex/api/logos/UPST.png...
26-12-2021 10:31:04.227 INFO scraper - isIPO: Checking picture: https://storage.googleapis.com/iex/api/logos/HGTY.png...
26-12-2021 10:31:04.493 INFO scraper - get_data: Found new company ('Hagerty Inc - Class A', '-', '$13.65', 'Tom Gayner', 'New holding')
26-12-2021 10:31:04.508 INFO scraper - isIPO: Checking picture: https://storage.googleapis.com/iex/api/logos/UPST.png...
26-12-2021 10:31:04.774 INFO scraper - isIPO: Checking picture: https://storage.googleapis.com/iex/api/logos/VST.png...
26-12-2021 10:31:04.930 INFO scraper - isIPO: Checking picture: https://storage.googleapis.com/iex/api/logos/UPST.png...
26-12-2021 10:31:05.203 INFO scraper - isIPO: Checking picture: https://storage.googleapis.com/iex/api/logos/LKQ.png...
26-12-2021 10:31:05.344 INFO scraper - isIPO: Checking picture: https://storage.googleapis.com/iex/api/logos/HRI.png...
26-12-2021 10:31:05.484 INFO scraper - isIPO: Checking picture: https://storage.googleapis.com/iex/api/logos/WEAV.png...
26-12-2021 10:31:05.765 INFO scraper - get_data: Found new company ('Weave Communications Inc', '$21.13', '$15.37', 'Tiger Global', 'New holding')
26-12-2021 10:31:05.765 INFO scraper - isIPO: Checking picture: https://storage.googleapis.com/iex/api/logos/UPST.png...
26-12-2021 10:31:06.026 INFO scraper - isIPO: Checking picture: https://storage.googleapis.com/iex/api/logos/FTCV.png...
26-12-2021 10:31:06.292 INFO scraper - isIPO: Checking picture: https://storage.googleapis.com/iex/api/logos/TRN.png...
26-12-2021 10:31:06.463 INFO main_test - IPO_Fillant: checking new companies...
26-12-2021 10:31:06.463 INFO mail - check_new_companies: old companies: 
Empty DataFrame
Columns: [Company Name, Investor Price, Investor, Action]
Index: []
26-12-2021 10:31:06.479 INFO mail - check_new_companies: new companies: 
                Company Name Investor Price       Investor       Action
0  Altus Power Inc - Class A         $10.75  Jeffrey Ubben  New holding
1      Hagerty Inc - Class A              -     Tom Gayner  New holding
2   Weave Communications Inc         $21.13   Tiger Global  New holding
26-12-2021 10:31:06.479 INFO mail - check_new_companies: found new companies
26-12-2021 10:31:06.479 INFO main_test - IPO_Fillant: sending mail...
26-12-2021 10:31:06.479 INFO mail - get_receivers_address: receivers: ['luca.benzi.92@gmail.com', 'ciao@hotmail.it']
26-12-2021 10:31:06.479 INFO mail - send_mail: sender_email: btmercati@gmail.com - receiver_email: ['luca.benzi.92@gmail.com', 'ciao@hotmail.it'] 
26-12-2021 10:31:06.698 INFO mail - send_mail_ssl: login into mail account
26-12-2021 10:31:06.995 INFO mail - send_mail_ssl: login OK
26-12-2021 10:31:06.995 INFO mail - send_mail_ssl: sending mail
26-12-2021 10:31:07.837 INFO mail - send_mail_ssl: mail sent with the following message: Content-Type: multipart/alternative; boundary="===============0564133141441721241=="
MIME-Version: 1.0
Subject: INVESTITORI IPO
From: btmercati@gmail.com
To: luca.benzi.92@gmail.com, ciao@hotmail.it

--===============0564133141441721241==
Content-Type: text/html; charset="us-ascii"
MIME-Version: 1.0
Content-Transfer-Encoding: 7bit

<!DOCTYPE html>
<html>
<head>
<meta http-equiv="Content-Type" content="text/html charset=UTF-8" />
<style>

#customers {
  font-family: Arial, Helvetica, sans-serif;
  border-collapse: collapse;
  width: 100%;
}

#customers td, #customers th {
  border: 1px solid #ddd;
  padding: 8px;
}

#customers tr:nth-child(even){background-color: #f2f2f2;}

#customers tr:hover {background-color: #ddd;}

#customers th {
  padding-top: 12px;
  padding-bottom: 12px;
  text-align: left;
  background-color: #04AA6D;
  color: white;
}
.ExternalClass {width: 100%;}
</style></head><body><table border="1" class="dataframe" id="customers">  <thead>    <tr style="text-align: right;">      <th></th>      <th>Company Name</th>      <th>Investor Price</th>      <th>Current Price</th>      <th>Investor</th>      <th>Action</th>    </tr>  </thead>  <tbody>    <tr>      <th>0</th>      <td>Altus Power Inc - Class A</td>      <td>$10.75</td>      <td>$10.30</td>      <td>Jeffrey Ubben</td>      <td>New holding</td>    </tr>    <tr>      <th>1</th>      <td>Hagerty Inc - Class A</td>      <td>-</td>      <td>$13.65</td>      <td>Tom Gayner</td>      <td>New holding</td>    </tr>    <tr>      <th>2</th>      <td>Weave Communications Inc</td>      <td>$21.13</td>      <td>$15.37</td>      <td>Tiger Global</td>      <td>New holding</td>    </tr>  </tbody></table></body>
</html>
--===============0564133141441721241==--

26-12-2021 10:31:07.884 INFO main_test - <module>: -----------------PGM-ENDED---------------------


26-12-2021 10:38:29.310 INFO main_test - <module>: -----------------PGM-STARTED---------------------
26-12-2021 10:38:29.310 INFO main_test - IPO_Fillant: Getting data from web...
26-12-2021 10:38:30.107 INFO scraper - get_data: There are 15 transactions on the website
26-12-2021 10:38:30.107 INFO scraper - isIPO: Checking picture: https://storage.googleapis.com/iex/api/logos/CCAP.png...
26-12-2021 10:38:30.294 INFO scraper - isIPO: Checking picture: https://storage.googleapis.com/iex/api/logos/CCAP.png...
26-12-2021 10:38:30.442 INFO scraper - isIPO: Checking picture: https://storage.googleapis.com/iex/api/logos/AMPS.png...
26-12-2021 10:38:30.707 INFO scraper - get_data: Found new company ('AMPS', 'Altus Power Inc - Class A', '$10.75', '$10.30', 'Jeffrey Ubben', 'New holding')
26-12-2021 10:38:30.707 INFO scraper - isIPO: Checking picture: https://storage.googleapis.com/iex/api/logos/UPST.png...
26-12-2021 10:38:30.996 INFO scraper - isIPO: Checking picture: https://storage.googleapis.com/iex/api/logos/UPST.png...
26-12-2021 10:38:31.309 INFO scraper - isIPO: Checking picture: https://storage.googleapis.com/iex/api/logos/HGTY.png...
26-12-2021 10:38:31.605 INFO scraper - get_data: Found new company ('HGTY', 'Hagerty Inc - Class A', '-', '$13.65', 'Tom Gayner', 'New holding')
26-12-2021 10:38:31.605 INFO scraper - isIPO: Checking picture: https://storage.googleapis.com/iex/api/logos/UPST.png...
26-12-2021 10:38:31.871 INFO scraper - isIPO: Checking picture: https://storage.googleapis.com/iex/api/logos/UPST.png...
26-12-2021 10:38:32.160 INFO scraper - isIPO: Checking picture: https://storage.googleapis.com/iex/api/logos/VST.png...
26-12-2021 10:38:32.300 INFO scraper - isIPO: Checking picture: https://storage.googleapis.com/iex/api/logos/LKQ.png...
26-12-2021 10:38:32.472 INFO scraper - isIPO: Checking picture: https://storage.googleapis.com/iex/api/logos/HRI.png...
26-12-2021 10:38:32.644 INFO scraper - isIPO: Checking picture: https://storage.googleapis.com/iex/api/logos/UPST.png...
26-12-2021 10:38:32.925 INFO scraper - isIPO: Checking picture: https://storage.googleapis.com/iex/api/logos/WEAV.png...
26-12-2021 10:38:33.191 INFO scraper - get_data: Found new company ('WEAV', 'Weave Communications Inc', '$21.13', '$15.37', 'Tiger Global', 'New holding')
26-12-2021 10:38:33.191 INFO scraper - isIPO: Checking picture: https://storage.googleapis.com/iex/api/logos/FTCV.png...
26-12-2021 10:38:33.482 INFO scraper - isIPO: Checking picture: https://storage.googleapis.com/iex/api/logos/TRN.png...
26-12-2021 10:38:33.638 INFO main_test - IPO_Fillant: checking new companies...
26-12-2021 10:39:37.724 INFO main_test - <module>: -----------------PGM-STARTED---------------------
26-12-2021 10:39:37.724 INFO main_test - IPO_Fillant: Getting data from web...
26-12-2021 10:39:38.427 INFO scraper - get_data: There are 15 transactions on the website
26-12-2021 10:39:38.427 INFO scraper - isIPO: Checking picture: https://storage.googleapis.com/iex/api/logos/CCAP.png...
26-12-2021 10:39:38.584 INFO scraper - isIPO: Checking picture: https://storage.googleapis.com/iex/api/logos/CCAP.png...
26-12-2021 10:39:38.740 INFO scraper - isIPO: Checking picture: https://storage.googleapis.com/iex/api/logos/AMPS.png...
26-12-2021 10:39:39.028 INFO scraper - get_data: Found new company ('AMPS', 'Altus Power Inc - Class A', '$10.75', '$10.30', 'Jeffrey Ubben', 'New holding')
26-12-2021 10:39:39.028 INFO scraper - isIPO: Checking picture: https://storage.googleapis.com/iex/api/logos/UPST.png...
26-12-2021 10:39:39.310 INFO scraper - isIPO: Checking picture: https://storage.googleapis.com/iex/api/logos/UPST.png...
26-12-2021 10:39:39.591 INFO scraper - isIPO: Checking picture: https://storage.googleapis.com/iex/api/logos/HGTY.png...
26-12-2021 10:39:39.864 INFO scraper - get_data: Found new company ('HGTY', 'Hagerty Inc - Class A', '-', '$13.65', 'Tom Gayner', 'New holding')
26-12-2021 10:39:39.864 INFO scraper - isIPO: Checking picture: https://storage.googleapis.com/iex/api/logos/UPST.png...
26-12-2021 10:39:40.129 INFO scraper - isIPO: Checking picture: https://storage.googleapis.com/iex/api/logos/VST.png...
26-12-2021 10:39:40.277 INFO scraper - isIPO: Checking picture: https://storage.googleapis.com/iex/api/logos/UPST.png...
26-12-2021 10:39:40.543 INFO scraper - isIPO: Checking picture: https://storage.googleapis.com/iex/api/logos/LKQ.png...
26-12-2021 10:39:40.701 INFO scraper - isIPO: Checking picture: https://storage.googleapis.com/iex/api/logos/HRI.png...
26-12-2021 10:39:40.853 INFO scraper - isIPO: Checking picture: https://storage.googleapis.com/iex/api/logos/WEAV.png...
26-12-2021 10:39:41.134 INFO scraper - get_data: Found new company ('WEAV', 'Weave Communications Inc', '$21.13', '$15.37', 'Tiger Global', 'New holding')
26-12-2021 10:39:41.134 INFO scraper - isIPO: Checking picture: https://storage.googleapis.com/iex/api/logos/UPST.png...
26-12-2021 10:39:41.415 INFO scraper - isIPO: Checking picture: https://storage.googleapis.com/iex/api/logos/FTCV.png...
26-12-2021 10:39:41.704 INFO scraper - isIPO: Checking picture: https://storage.googleapis.com/iex/api/logos/TRN.png...
26-12-2021 10:39:41.844 INFO main_test - IPO_Fillant: checking new companies...
26-12-2021 10:40:24.780 INFO main_test - <module>: -----------------PGM-STARTED---------------------
26-12-2021 10:40:24.780 INFO main_test - IPO_Fillant: Getting data from web...
26-12-2021 10:40:25.553 INFO scraper - get_data: There are 15 transactions on the website
26-12-2021 10:40:25.553 INFO scraper - isIPO: Checking picture: https://storage.googleapis.com/iex/api/logos/CCAP.png...
26-12-2021 10:40:25.725 INFO scraper - isIPO: Checking picture: https://storage.googleapis.com/iex/api/logos/CCAP.png...
26-12-2021 10:40:25.881 INFO scraper - isIPO: Checking picture: https://storage.googleapis.com/iex/api/logos/AMPS.png...
26-12-2021 10:40:26.147 INFO scraper - get_data: Found new company ('AMPS', 'Altus Power Inc - Class A', '$10.75', '$10.30', 'Jeffrey Ubben', 'New holding')
26-12-2021 10:40:26.147 INFO scraper - isIPO: Checking picture: https://storage.googleapis.com/iex/api/logos/UPST.png...
26-12-2021 10:40:26.428 INFO scraper - isIPO: Checking picture: https://storage.googleapis.com/iex/api/logos/UPST.png...
26-12-2021 10:40:26.694 INFO scraper - isIPO: Checking picture: https://storage.googleapis.com/iex/api/logos/HGTY.png...
26-12-2021 10:40:26.959 INFO scraper - get_data: Found new company ('HGTY', 'Hagerty Inc - Class A', '-', '$13.65', 'Tom Gayner', 'New holding')
26-12-2021 10:40:26.959 INFO scraper - isIPO: Checking picture: https://storage.googleapis.com/iex/api/logos/UPST.png...
26-12-2021 10:40:27.225 INFO scraper - isIPO: Checking picture: https://storage.googleapis.com/iex/api/logos/UPST.png...
26-12-2021 10:40:27.506 INFO scraper - isIPO: Checking picture: https://storage.googleapis.com/iex/api/logos/VST.png...
26-12-2021 10:40:27.678 INFO scraper - isIPO: Checking picture: https://storage.googleapis.com/iex/api/logos/LKQ.png...
26-12-2021 10:40:27.834 INFO scraper - isIPO: Checking picture: https://storage.googleapis.com/iex/api/logos/HRI.png...
26-12-2021 10:40:27.999 INFO scraper - isIPO: Checking picture: https://storage.googleapis.com/iex/api/logos/WEAV.png...
26-12-2021 10:40:28.280 INFO scraper - get_data: Found new company ('WEAV', 'Weave Communications Inc', '$21.13', '$15.37', 'Tiger Global', 'New holding')
26-12-2021 10:40:28.280 INFO scraper - isIPO: Checking picture: https://storage.googleapis.com/iex/api/logos/UPST.png...
26-12-2021 10:40:28.564 INFO scraper - isIPO: Checking picture: https://storage.googleapis.com/iex/api/logos/FTCV.png...
26-12-2021 10:40:28.846 INFO scraper - isIPO: Checking picture: https://storage.googleapis.com/iex/api/logos/TRN.png...
26-12-2021 10:40:28.986 INFO main_test - IPO_Fillant: checking new companies...
26-12-2021 10:40:28.986 ERROR main_test - IPO_Fillant: 5 columns passed, passed data had 6 columns
Traceback (most recent call last):
  File "C:\Users\benz1\PycharmProjects\IPO_Flippant\venv\lib\site-packages\pandas\core\internals\construction.py", line 906, in _finalize_columns_and_data
    columns = _validate_or_indexify_columns(contents, columns)
  File "C:\Users\benz1\PycharmProjects\IPO_Flippant\venv\lib\site-packages\pandas\core\internals\construction.py", line 954, in _validate_or_indexify_columns
    raise AssertionError(
AssertionError: 5 columns passed, passed data had 6 columns

The above exception was the direct cause of the following exception:

Traceback (most recent call last):
  File "C:\Users\benz1\PycharmProjects\IPO_Flippant\main_test.py", line 20, in IPO_Fillant
    if mail.check_new_companies(data):
  File "C:\Users\benz1\PycharmProjects\IPO_Flippant\mail.py", line 16, in check_new_companies
    df = touples_to_dataframe(data).drop('Current Price', axis=1)
  File "C:\Users\benz1\PycharmProjects\IPO_Flippant\mail.py", line 89, in touples_to_dataframe
    return pd.DataFrame(tuple[1:], columns=tuple[0])
  File "C:\Users\benz1\PycharmProjects\IPO_Flippant\venv\lib\site-packages\pandas\core\frame.py", line 694, in __init__
    arrays, columns, index = nested_data_to_arrays(
  File "C:\Users\benz1\PycharmProjects\IPO_Flippant\venv\lib\site-packages\pandas\core\internals\construction.py", line 483, in nested_data_to_arrays
    arrays, columns = to_arrays(data, columns, dtype=dtype)
  File "C:\Users\benz1\PycharmProjects\IPO_Flippant\venv\lib\site-packages\pandas\core\internals\construction.py", line 807, in to_arrays
    content, columns = _finalize_columns_and_data(arr, columns, dtype)
  File "C:\Users\benz1\PycharmProjects\IPO_Flippant\venv\lib\site-packages\pandas\core\internals\construction.py", line 909, in _finalize_columns_and_data
    raise ValueError(err) from err
ValueError: 5 columns passed, passed data had 6 columns
26-12-2021 10:41:50.280 INFO main_test - <module>: -----------------PGM-STARTED---------------------
26-12-2021 10:41:50.280 INFO main_test - IPO_Fillant: Getting data from web...
26-12-2021 10:41:51.046 INFO scraper - get_data: There are 15 transactions on the website
26-12-2021 10:41:51.046 INFO scraper - isIPO: Checking picture: https://storage.googleapis.com/iex/api/logos/CCAP.png...
26-12-2021 10:41:51.233 INFO scraper - isIPO: Checking picture: https://storage.googleapis.com/iex/api/logos/CCAP.png...
26-12-2021 10:41:51.374 INFO scraper - isIPO: Checking picture: https://storage.googleapis.com/iex/api/logos/AMPS.png...
26-12-2021 10:41:51.671 INFO scraper - get_data: Found new company ('AMPS', 'Altus Power Inc - Class A', '$10.75', '$10.30', 'Jeffrey Ubben', 'New holding')
26-12-2021 10:41:51.671 INFO scraper - isIPO: Checking picture: https://storage.googleapis.com/iex/api/logos/UPST.png...
26-12-2021 10:41:51.952 INFO scraper - isIPO: Checking picture: https://storage.googleapis.com/iex/api/logos/UPST.png...
26-12-2021 10:41:52.218 INFO scraper - isIPO: Checking picture: https://storage.googleapis.com/iex/api/logos/HGTY.png...
26-12-2021 10:41:52.499 INFO scraper - get_data: Found new company ('HGTY', 'Hagerty Inc - Class A', '-', '$13.65', 'Tom Gayner', 'New holding')
26-12-2021 10:41:52.499 INFO scraper - isIPO: Checking picture: https://storage.googleapis.com/iex/api/logos/UPST.png...
26-12-2021 10:41:52.780 INFO scraper - isIPO: Checking picture: https://storage.googleapis.com/iex/api/logos/VST.png...
26-12-2021 10:41:52.936 INFO scraper - isIPO: Checking picture: https://storage.googleapis.com/iex/api/logos/UPST.png...
26-12-2021 10:41:53.233 INFO scraper - isIPO: Checking picture: https://storage.googleapis.com/iex/api/logos/LKQ.png...
26-12-2021 10:41:53.389 INFO scraper - isIPO: Checking picture: https://storage.googleapis.com/iex/api/logos/HRI.png...
26-12-2021 10:41:53.546 INFO scraper - isIPO: Checking picture: https://storage.googleapis.com/iex/api/logos/WEAV.png...
26-12-2021 10:41:53.827 INFO scraper - get_data: Found new company ('WEAV', 'Weave Communications Inc', '$21.13', '$15.37', 'Tiger Global', 'New holding')
26-12-2021 10:41:53.827 INFO scraper - isIPO: Checking picture: https://storage.googleapis.com/iex/api/logos/UPST.png...
26-12-2021 10:41:54.093 INFO scraper - isIPO: Checking picture: https://storage.googleapis.com/iex/api/logos/FTCV.png...
26-12-2021 10:41:54.374 INFO scraper - isIPO: Checking picture: https://storage.googleapis.com/iex/api/logos/TRN.png...
26-12-2021 10:41:54.530 INFO main_test - IPO_Fillant: checking new companies...
26-12-2021 10:41:54.546 INFO mail - check_new_companies: old companies: 
                Company Name Investor Price       Investor       Action
0  Altus Power Inc - Class A         $10.75  Jeffrey Ubben  New holding
1      Hagerty Inc - Class A              -     Tom Gayner  New holding
2   Weave Communications Inc         $21.13   Tiger Global  New holding
26-12-2021 10:41:54.546 INFO mail - check_new_companies: new companies: 
  Ticker               Company Name Investor Price       Investor       Action
0   AMPS  Altus Power Inc - Class A         $10.75  Jeffrey Ubben  New holding
1   HGTY      Hagerty Inc - Class A              -     Tom Gayner  New holding
2   WEAV   Weave Communications Inc         $21.13   Tiger Global  New holding
26-12-2021 10:41:54.546 INFO mail - check_new_companies: found new companies
26-12-2021 10:41:54.546 INFO main_test - IPO_Fillant: sending mail...
26-12-2021 10:41:54.546 INFO mail - get_receivers_address: receivers: ['luca.benzi.92@gmail.com', 'ciao@hotmail.it']
26-12-2021 10:41:54.546 INFO mail - send_mail: sender_email: btmercati@gmail.com - receiver_email: ['luca.benzi.92@gmail.com', 'ciao@hotmail.it'] 
26-12-2021 10:41:54.811 INFO mail - send_mail_ssl: login into mail account
26-12-2021 10:41:55.358 INFO mail - send_mail_ssl: login OK
26-12-2021 10:41:55.358 INFO mail - send_mail_ssl: sending mail
26-12-2021 10:41:56.280 INFO mail - send_mail_ssl: mail sent with the following message: Content-Type: multipart/alternative; boundary="===============0451210504656100790=="
MIME-Version: 1.0
Subject: INVESTITORI IPO
From: btmercati@gmail.com
To: luca.benzi.92@gmail.com, ciao@hotmail.it

--===============0451210504656100790==
Content-Type: text/html; charset="us-ascii"
MIME-Version: 1.0
Content-Transfer-Encoding: 7bit

<!DOCTYPE html>
<html>
<head>
<meta http-equiv="Content-Type" content="text/html charset=UTF-8" />
<style>

#customers {
  font-family: Arial, Helvetica, sans-serif;
  border-collapse: collapse;
  width: 100%;
}

#customers td, #customers th {
  border: 1px solid #ddd;
  padding: 8px;
}

#customers tr:nth-child(even){background-color: #f2f2f2;}

#customers tr:hover {background-color: #ddd;}

#customers th {
  padding-top: 12px;
  padding-bottom: 12px;
  text-align: left;
  background-color: #04AA6D;
  color: white;
}
.ExternalClass {width: 100%;}
</style></head><body><table border="1" class="dataframe" id="customers">  <thead>    <tr style="text-align: right;">      <th></th>      <th>Ticker</th>      <th>Company Name</th>      <th>Investor Price</th>      <th>Current Price</th>      <th>Investor</th>      <th>Action</th>    </tr>  </thead>  <tbody>    <tr>      <th>0</th>      <td>AMPS</td>      <td>Altus Power Inc - Class A</td>      <td>$10.75</td>      <td>$10.30</td>      <td>Jeffrey Ubben</td>      <td>New holding</td>    </tr>    <tr>      <th>1</th>      <td>HGTY</td>      <td>Hagerty Inc - Class A</td>      <td>-</td>      <td>$13.65</td>      <td>Tom Gayner</td>      <td>New holding</td>    </tr>    <tr>      <th>2</th>      <td>WEAV</td>      <td>Weave Communications Inc</td>      <td>$21.13</td>      <td>$15.37</td>      <td>Tiger Global</td>      <td>New holding</td>    </tr>  </tbody></table></body>
</html>
--===============0451210504656100790==--

26-12-2021 10:41:56.327 INFO main_test - <module>: -----------------PGM-ENDED---------------------


27-12-2021 08:58:23.894 INFO main_test - <module>: -----------------PGM-STARTED---------------------
27-12-2021 08:58:23.903 INFO main_test - IPO_Fillant: Getting data from web...
27-12-2021 08:58:24.857 INFO scraper - get_data: There are 15 transactions on the website
27-12-2021 08:58:24.858 INFO scraper - isIPO: Checking picture: https://storage.googleapis.com/iex/api/logos/CCAP.png...
27-12-2021 08:58:25.171 INFO scraper - isIPO: Checking picture: https://storage.googleapis.com/iex/api/logos/CCAP.png...
27-12-2021 08:58:25.325 INFO scraper - isIPO: Checking picture: https://storage.googleapis.com/iex/api/logos/AMPS.png...
27-12-2021 08:58:55.959 INFO scraper - get_data: Found new company ('AMPS', 'Altus Power Inc - Class A', '$10.75', '$10.30', 'Jeffrey Ubben', 'New holding')
27-12-2021 08:58:55.960 INFO scraper - isIPO: Checking picture: https://storage.googleapis.com/iex/api/logos/UPST.png...
27-12-2021 08:58:56.386 INFO scraper - isIPO: Checking picture: https://storage.googleapis.com/iex/api/logos/UPST.png...
27-12-2021 08:58:56.698 INFO scraper - isIPO: Checking picture: https://storage.googleapis.com/iex/api/logos/HGTY.png...
27-12-2021 09:19:24.674 INFO main_test - <module>: -----------------PGM-STARTED---------------------
27-12-2021 09:19:24.674 INFO main_test - IPO_Fillant: Getting data from web...
27-12-2021 09:19:25.840 INFO scraper - get_data: There are 15 transactions on the website
27-12-2021 09:19:25.841 INFO scraper - isIPO: Checking picture: https://storage.googleapis.com/iex/api/logos/CCAP.png...
27-12-2021 09:19:26.290 INFO scraper - isIPO: Checking picture: https://storage.googleapis.com/iex/api/logos/CCAP.png...
27-12-2021 09:19:26.443 INFO scraper - isIPO: Checking picture: https://storage.googleapis.com/iex/api/logos/AMPS.png...
27-12-2021 09:19:36.194 INFO scraper - get_data: Found new company ('AMPS', 'Altus Power Inc - Class A', '$10.75', '$10.30', 'Jeffrey Ubben', 'New holding')
27-12-2021 09:19:36.195 INFO scraper - isIPO: Checking picture: https://storage.googleapis.com/iex/api/logos/UPST.png...
27-12-2021 09:19:36.588 INFO scraper - isIPO: Checking picture: https://storage.googleapis.com/iex/api/logos/UPST.png...
27-12-2021 09:19:36.859 INFO scraper - isIPO: Checking picture: https://storage.googleapis.com/iex/api/logos/HGTY.png...
27-12-2021 09:19:37.198 INFO scraper - get_data: Found new company ('HGTY', 'Hagerty Inc - Class A', '-', '$13.65', 'Tom Gayner', 'New holding')
27-12-2021 09:19:37.199 INFO scraper - isIPO: Checking picture: https://storage.googleapis.com/iex/api/logos/UPST.png...
27-12-2021 09:19:37.489 INFO scraper - isIPO: Checking picture: https://storage.googleapis.com/iex/api/logos/UPST.png...
27-12-2021 09:19:37.772 INFO scraper - isIPO: Checking picture: https://storage.googleapis.com/iex/api/logos/VST.png...
27-12-2021 09:19:38.073 INFO scraper - isIPO: Checking picture: https://storage.googleapis.com/iex/api/logos/LKQ.png...
27-12-2021 09:19:38.834 INFO scraper - isIPO: Checking picture: https://storage.googleapis.com/iex/api/logos/HRI.png...
27-12-2021 09:19:39.220 INFO scraper - isIPO: Checking picture: https://storage.googleapis.com/iex/api/logos/UPST.png...
27-12-2021 09:19:39.508 INFO scraper - isIPO: Checking picture: https://storage.googleapis.com/iex/api/logos/WEAV.png...
27-12-2021 09:19:39.842 INFO scraper - get_data: Found new company ('WEAV', 'Weave Communications Inc', '$21.13', '$15.37', 'Tiger Global', 'New holding')
27-12-2021 09:19:39.843 INFO scraper - isIPO: Checking picture: https://storage.googleapis.com/iex/api/logos/FTCV.png...
27-12-2021 09:19:40.234 INFO scraper - isIPO: Checking picture: https://storage.googleapis.com/iex/api/logos/TRN.png...
27-12-2021 09:19:40.554 INFO main_test - IPO_Fillant: checking new companies...
27-12-2021 09:19:40.586 INFO mail - check_new_companies: old companies: 
  Ticker               Company Name Investor Price       Investor       Action
0    MPS  Altus Power Inc - Class A         $10.75  Jeffrey Ubben  New holding
1   HGTY      Hagerty Inc - Class A              -     Tom Gayner  New holding
2   WEAV   Weave Communications Inc         $21.13   Tiger Global  New holding
27-12-2021 09:19:40.598 INFO mail - check_new_companies: new companies: 
  Ticker               Company Name Investor Price       Investor       Action
0   AMPS  Altus Power Inc - Class A         $10.75  Jeffrey Ubben  New holding
1   HGTY      Hagerty Inc - Class A              -     Tom Gayner  New holding
2   WEAV   Weave Communications Inc         $21.13   Tiger Global  New holding
27-12-2021 09:19:40.599 INFO mail - check_new_companies: found new companies
27-12-2021 09:19:40.599 INFO main_test - IPO_Fillant: sending mail...
27-12-2021 09:19:40.600 INFO mail - get_receivers_address: receivers: ['luca.benzi.92@gmail.com', 'ciao@hotmail.it']
27-12-2021 09:19:40.600 INFO mail - send_mail: sender_email: btmercati@gmail.com - receiver_email: ['luca.benzi.92@gmail.com', 'ciao@hotmail.it'] 
27-12-2021 09:19:40.602 ERROR main_test - IPO_Fillant: 'function' object has no attribute 'replace'
Traceback (most recent call last):
  File "C:/Users/benz1/PycharmProjects/IPO_Flippant/main_test.py", line 22, in IPO_Fillant
    mail.send_mail(data)
  File "C:\Users\benz1\PycharmProjects\IPO_Flippant\mail.py", line 37, in send_mail
    message = create_message(sender_email, receiver_email, data)
  File "C:\Users\benz1\PycharmProjects\IPO_Flippant\mail.py", line 55, in create_message
    table = get_table(data)
  File "C:\Users\benz1\PycharmProjects\IPO_Flippant\mail.py", line 134, in get_table
    table = table.replace('<table border="1" class="dataframe">', '<table border="1" class="dataframe" id="customers">')
AttributeError: 'function' object has no attribute 'replace'
27-12-2021 09:20:11.847 INFO main_test - <module>: -----------------PGM-STARTED---------------------
27-12-2021 09:20:11.847 INFO main_test - IPO_Fillant: Getting data from web...
27-12-2021 09:20:13.003 INFO scraper - get_data: There are 15 transactions on the website
27-12-2021 09:20:13.004 INFO scraper - isIPO: Checking picture: https://storage.googleapis.com/iex/api/logos/CCAP.png...
27-12-2021 09:20:13.240 INFO scraper - isIPO: Checking picture: https://storage.googleapis.com/iex/api/logos/CCAP.png...
27-12-2021 09:20:13.394 INFO scraper - isIPO: Checking picture: https://storage.googleapis.com/iex/api/logos/AMPS.png...
27-12-2021 09:20:13.681 INFO scraper - get_data: Found new company ('AMPS', 'Altus Power Inc - Class A', '$10.75', '$10.30', 'Jeffrey Ubben', 'New holding')
27-12-2021 09:20:13.682 INFO scraper - isIPO: Checking picture: https://storage.googleapis.com/iex/api/logos/UPST.png...
27-12-2021 09:20:13.956 INFO scraper - isIPO: Checking picture: https://storage.googleapis.com/iex/api/logos/UPST.png...
27-12-2021 09:20:14.331 INFO scraper - isIPO: Checking picture: https://storage.googleapis.com/iex/api/logos/HGTY.png...
27-12-2021 09:20:14.609 INFO scraper - get_data: Found new company ('HGTY', 'Hagerty Inc - Class A', '-', '$13.65', 'Tom Gayner', 'New holding')
27-12-2021 09:20:14.610 INFO scraper - isIPO: Checking picture: https://storage.googleapis.com/iex/api/logos/UPST.png...
27-12-2021 09:20:14.904 INFO scraper - isIPO: Checking picture: https://storage.googleapis.com/iex/api/logos/UPST.png...
27-12-2021 09:20:15.220 INFO scraper - isIPO: Checking picture: https://storage.googleapis.com/iex/api/logos/VST.png...
27-12-2021 09:20:15.391 INFO scraper - isIPO: Checking picture: https://storage.googleapis.com/iex/api/logos/LKQ.png...
27-12-2021 09:20:15.557 INFO scraper - isIPO: Checking picture: https://storage.googleapis.com/iex/api/logos/HRI.png...
27-12-2021 09:20:15.715 INFO scraper - isIPO: Checking picture: https://storage.googleapis.com/iex/api/logos/WEAV.png...
27-12-2021 09:20:16.001 INFO scraper - get_data: Found new company ('WEAV', 'Weave Communications Inc', '$21.13', '$15.37', 'Tiger Global', 'New holding')
27-12-2021 09:20:16.002 INFO scraper - isIPO: Checking picture: https://storage.googleapis.com/iex/api/logos/UPST.png...
27-12-2021 09:20:16.362 INFO scraper - isIPO: Checking picture: https://storage.googleapis.com/iex/api/logos/FTCV.png...
27-12-2021 09:20:16.653 INFO scraper - isIPO: Checking picture: https://storage.googleapis.com/iex/api/logos/TRN.png...
27-12-2021 09:20:16.814 INFO main_test - IPO_Fillant: checking new companies...
27-12-2021 09:20:16.838 INFO mail - check_new_companies: old companies: 
  Ticker               Company Name Investor Price       Investor       Action
0   AMPS  Altus Power Inc - Class A         $10.75  Jeffrey Ubben  New holding
1   HGTY      Hagerty Inc - Class A              -     Tom Gayner  New holding
2   WEAV   Weave Communications Inc         $21.13   Tiger Global  New holding
27-12-2021 09:20:16.852 INFO mail - check_new_companies: new companies: 
  Ticker               Company Name Investor Price       Investor       Action
0   AMPS  Altus Power Inc - Class A         $10.75  Jeffrey Ubben  New holding
1   HGTY      Hagerty Inc - Class A              -     Tom Gayner  New holding
2   WEAV   Weave Communications Inc         $21.13   Tiger Global  New holding
27-12-2021 09:20:16.853 INFO mail - check_new_companies: no companies
27-12-2021 09:20:16.853 INFO main_test - <module>: -----------------PGM-ENDED---------------------


27-12-2021 09:20:24.724 INFO main_test - <module>: -----------------PGM-STARTED---------------------
27-12-2021 09:20:24.724 INFO main_test - IPO_Fillant: Getting data from web...
27-12-2021 09:20:25.467 INFO scraper - get_data: There are 15 transactions on the website
27-12-2021 09:20:25.467 INFO scraper - isIPO: Checking picture: https://storage.googleapis.com/iex/api/logos/CCAP.png...
27-12-2021 09:20:25.617 INFO scraper - isIPO: Checking picture: https://storage.googleapis.com/iex/api/logos/CCAP.png...
27-12-2021 09:20:25.774 INFO scraper - isIPO: Checking picture: https://storage.googleapis.com/iex/api/logos/AMPS.png...
27-12-2021 09:20:26.165 INFO scraper - get_data: Found new company ('AMPS', 'Altus Power Inc - Class A', '$10.75', '$10.30', 'Jeffrey Ubben', 'New holding')
27-12-2021 09:20:26.165 INFO scraper - isIPO: Checking picture: https://storage.googleapis.com/iex/api/logos/UPST.png...
27-12-2021 09:20:26.457 INFO scraper - isIPO: Checking picture: https://storage.googleapis.com/iex/api/logos/UPST.png...
27-12-2021 09:20:26.733 INFO scraper - isIPO: Checking picture: https://storage.googleapis.com/iex/api/logos/HGTY.png...
27-12-2021 09:20:27.014 INFO scraper - get_data: Found new company ('HGTY', 'Hagerty Inc - Class A', '-', '$13.65', 'Tom Gayner', 'New holding')
27-12-2021 09:20:27.014 INFO scraper - isIPO: Checking picture: https://storage.googleapis.com/iex/api/logos/UPST.png...
27-12-2021 09:20:27.401 INFO scraper - isIPO: Checking picture: https://storage.googleapis.com/iex/api/logos/UPST.png...
27-12-2021 09:20:27.682 INFO scraper - isIPO: Checking picture: https://storage.googleapis.com/iex/api/logos/VST.png...
27-12-2021 09:20:27.841 INFO scraper - isIPO: Checking picture: https://storage.googleapis.com/iex/api/logos/LKQ.png...
27-12-2021 09:20:27.994 INFO scraper - isIPO: Checking picture: https://storage.googleapis.com/iex/api/logos/HRI.png...
27-12-2021 09:20:28.234 INFO scraper - isIPO: Checking picture: https://storage.googleapis.com/iex/api/logos/UPST.png...
27-12-2021 09:20:28.549 INFO scraper - isIPO: Checking picture: https://storage.googleapis.com/iex/api/logos/WEAV.png...
27-12-2021 09:20:28.815 INFO scraper - get_data: Found new company ('WEAV', 'Weave Communications Inc', '$21.13', '$15.37', 'Tiger Global', 'New holding')
27-12-2021 09:20:28.816 INFO scraper - isIPO: Checking picture: https://storage.googleapis.com/iex/api/logos/FTCV.png...
27-12-2021 09:20:29.203 INFO scraper - isIPO: Checking picture: https://storage.googleapis.com/iex/api/logos/TRN.png...
27-12-2021 09:20:29.353 INFO main_test - IPO_Fillant: checking new companies...
27-12-2021 09:20:29.363 INFO mail - check_new_companies: old companies: 
  Ticker               Company Name Investor Price       Investor       Action
0    MPS  Altus Power Inc - Class A         $10.75  Jeffrey Ubben  New holding
1   HGTY      Hagerty Inc - Class A              -     Tom Gayner  New holding
2   WEAV   Weave Communications Inc         $21.13   Tiger Global  New holding
27-12-2021 09:20:29.366 INFO mail - check_new_companies: new companies: 
  Ticker               Company Name Investor Price       Investor       Action
0   AMPS  Altus Power Inc - Class A         $10.75  Jeffrey Ubben  New holding
1   HGTY      Hagerty Inc - Class A              -     Tom Gayner  New holding
2   WEAV   Weave Communications Inc         $21.13   Tiger Global  New holding
27-12-2021 09:20:29.367 INFO mail - check_new_companies: found new companies
27-12-2021 09:20:29.367 INFO main_test - IPO_Fillant: sending mail...
27-12-2021 09:20:29.367 INFO mail - get_receivers_address: receivers: ['luca.benzi.92@gmail.com', 'ciao@hotmail.it']
27-12-2021 09:20:29.367 INFO mail - send_mail: sender_email: btmercati@gmail.com - receiver_email: ['luca.benzi.92@gmail.com', 'ciao@hotmail.it'] 
27-12-2021 09:20:29.835 INFO mail - send_mail_ssl: login into mail account
27-12-2021 09:20:30.314 INFO mail - send_mail_ssl: login OK
27-12-2021 09:20:30.314 INFO mail - send_mail_ssl: sending mail
27-12-2021 09:20:31.527 INFO mail - send_mail_ssl: mail sent with the following message: Content-Type: multipart/alternative; boundary="===============3316204124111512684=="
MIME-Version: 1.0
Subject: INVESTITORI IPO
From: btmercati@gmail.com
To: luca.benzi.92@gmail.com, ciao@hotmail.it

--===============3316204124111512684==
Content-Type: text/html; charset="us-ascii"
MIME-Version: 1.0
Content-Transfer-Encoding: 7bit

<!DOCTYPE html>
<html>
<head>
    <meta http-equiv="Content-Type" content="text/html charset=UTF-8" />
    <style>
    <style>

#customers {
  font-family: Arial, Helvetica, sans-serif;
  border-collapse: collapse;
  width: 100%;
}

#customers td, #customers th {
  border: 1px solid #ddd;
  padding: 8px;
}

#customers tr:nth-child(even){background-color: #f2f2f2;}

#customers tr:hover {background-color: #ddd;}

#customers th {
  padding-top: 12px;
  padding-bottom: 12px;
  text-align: left;
  background-color: #04AA6D;
  color: white;
}
.ExternalClass {width: 100%;}
</style>
    </style>
</head>
    <body>
    <table border="1" class="dataframe" id="customers">
  <thead>
    <tr style="text-align: right;">
      <th></th>
      <th>Ticker</th>
      <th>Company Name</th>
      <th>Investor Price</th>
      <th>Current Price</th>
      <th>Investor</th>
      <th>Action</th>
    </tr>
  </thead>
  <tbody>
    <tr>
      <th>0</th>
      <td>AMPS</td>
      <td>Altus Power Inc - Class A</td>
      <td>$10.75</td>
      <td>$10.30</td>
      <td>Jeffrey Ubben</td>
      <td>New holding</td>
    </tr>
    <tr>
      <th>1</th>
      <td>HGTY</td>
      <td>Hagerty Inc - Class A</td>
      <td>-</td>
      <td>$13.65</td>
      <td>Tom Gayner</td>
      <td>New holding</td>
    </tr>
    <tr>
      <th>2</th>
      <td>WEAV</td>
      <td>Weave Communications Inc</td>
      <td>$21.13</td>
      <td>$15.37</td>
      <td>Tiger Global</td>
      <td>New holding</td>
    </tr>
  </tbody>
</table>
    </body>
</html>

--===============3316204124111512684==--

27-12-2021 09:20:31.578 INFO main_test - <module>: -----------------PGM-ENDED---------------------


27-12-2021 09:22:18.939 INFO main_test - <module>: -----------------PGM-STARTED---------------------
27-12-2021 09:22:18.939 INFO main_test - IPO_Fillant: Getting data from web...
27-12-2021 09:22:19.902 INFO scraper - get_data: There are 15 transactions on the website
27-12-2021 09:22:19.902 INFO scraper - isIPO: Checking picture: https://storage.googleapis.com/iex/api/logos/CCAP.png...
27-12-2021 09:22:20.143 INFO scraper - isIPO: Checking picture: https://storage.googleapis.com/iex/api/logos/CCAP.png...
27-12-2021 09:22:20.300 INFO scraper - isIPO: Checking picture: https://storage.googleapis.com/iex/api/logos/AMPS.png...
27-12-2021 09:22:20.582 INFO scraper - get_data: Found new company ('AMPS', 'Altus Power Inc - Class A', '$10.75', '$10.30', 'Jeffrey Ubben', 'New holding')
27-12-2021 09:22:20.582 INFO scraper - isIPO: Checking picture: https://storage.googleapis.com/iex/api/logos/UPST.png...
27-12-2021 09:22:20.868 INFO scraper - isIPO: Checking picture: https://storage.googleapis.com/iex/api/logos/UPST.png...
27-12-2021 09:22:21.135 INFO scraper - isIPO: Checking picture: https://storage.googleapis.com/iex/api/logos/HGTY.png...
27-12-2021 09:22:21.409 INFO scraper - get_data: Found new company ('HGTY', 'Hagerty Inc - Class A', '-', '$13.65', 'Tom Gayner', 'New holding')
27-12-2021 09:22:21.409 INFO scraper - isIPO: Checking picture: https://storage.googleapis.com/iex/api/logos/UPST.png...
27-12-2021 09:22:21.683 INFO scraper - isIPO: Checking picture: https://storage.googleapis.com/iex/api/logos/UPST.png...
27-12-2021 09:22:21.943 INFO scraper - isIPO: Checking picture: https://storage.googleapis.com/iex/api/logos/VST.png...
27-12-2021 09:22:22.189 INFO scraper - isIPO: Checking picture: https://storage.googleapis.com/iex/api/logos/LKQ.png...
27-12-2021 09:22:22.356 INFO scraper - isIPO: Checking picture: https://storage.googleapis.com/iex/api/logos/HRI.png...
27-12-2021 09:22:22.505 INFO scraper - isIPO: Checking picture: https://storage.googleapis.com/iex/api/logos/WEAV.png...
27-12-2021 09:22:22.764 INFO scraper - get_data: Found new company ('WEAV', 'Weave Communications Inc', '$21.13', '$15.37', 'Tiger Global', 'New holding')
27-12-2021 09:22:22.765 INFO scraper - isIPO: Checking picture: https://storage.googleapis.com/iex/api/logos/UPST.png...
27-12-2021 09:22:23.125 INFO scraper - isIPO: Checking picture: https://storage.googleapis.com/iex/api/logos/FTCV.png...
27-12-2021 09:22:23.419 INFO scraper - isIPO: Checking picture: https://storage.googleapis.com/iex/api/logos/TRN.png...
27-12-2021 09:22:23.586 INFO main_test - IPO_Fillant: checking new companies...
27-12-2021 09:22:23.598 INFO mail - check_new_companies: old companies: 
  Ticker               Company Name Investor Price       Investor       Action
0    MPS  Altus Power Inc - Class A         $10.75  Jeffrey Ubben  New holding
1   HGTY      Hagerty Inc - Class A              -     Tom Gayner  New holding
2   WEAV   Weave Communications Inc         $21.13   Tiger Global  New holding
27-12-2021 09:22:23.602 INFO mail - check_new_companies: new companies: 
  Ticker               Company Name Investor Price       Investor       Action
0   AMPS  Altus Power Inc - Class A         $10.75  Jeffrey Ubben  New holding
1   HGTY      Hagerty Inc - Class A              -     Tom Gayner  New holding
2   WEAV   Weave Communications Inc         $21.13   Tiger Global  New holding
27-12-2021 09:22:23.602 INFO mail - check_new_companies: found new companies
27-12-2021 09:22:23.602 INFO main_test - IPO_Fillant: sending mail...
27-12-2021 09:22:23.603 INFO mail - get_receivers_address: receivers: ['luca.benzi.92@gmail.com', 'ciao@hotmail.it']
27-12-2021 09:22:23.603 INFO mail - send_mail: sender_email: btmercati@gmail.com - receiver_email: ['luca.benzi.92@gmail.com', 'ciao@hotmail.it'] 
27-12-2021 09:22:23.832 INFO mail - send_mail_ssl: login into mail account
27-12-2021 09:22:24.250 INFO mail - send_mail_ssl: login OK
27-12-2021 09:22:24.250 INFO mail - send_mail_ssl: sending mail
27-12-2021 09:22:24.976 INFO mail - send_mail_ssl: mail sent with the following message: Content-Type: multipart/alternative; boundary="===============0007747380750239844=="
MIME-Version: 1.0
Subject: INVESTITORI IPO
From: btmercati@gmail.com
To: luca.benzi.92@gmail.com, ciao@hotmail.it

--===============0007747380750239844==
Content-Type: text/html; charset="us-ascii"
MIME-Version: 1.0
Content-Transfer-Encoding: 7bit

<!DOCTYPE html>
<html>
<head>
    <meta http-equiv="Content-Type" content="text/html charset=UTF-8" />
    <style>
    
#customers {
  font-family: Arial, Helvetica, sans-serif;
  border-collapse: collapse;
  width: 100%;
}

#customers td, #customers th {
  border: 1px solid #ddd;
  padding: 8px;
}

#customers tr:nth-child(even){background-color: #f2f2f2;}

#customers tr:hover {background-color: #ddd;}

#customers th {
  padding-top: 12px;
  padding-bottom: 12px;
  text-align: left;
  background-color: #04AA6D;
  color: white;
}
.ExternalClass {width: 100%;}

    </style>
</head>
    <body>
    <table border="1" class="dataframe" id="customers">
  <thead>
    <tr style="text-align: right;">
      <th></th>
      <th>Ticker</th>
      <th>Company Name</th>
      <th>Investor Price</th>
      <th>Current Price</th>
      <th>Investor</th>
      <th>Action</th>
    </tr>
  </thead>
  <tbody>
    <tr>
      <th>0</th>
      <td>AMPS</td>
      <td>Altus Power Inc - Class A</td>
      <td>$10.75</td>
      <td>$10.30</td>
      <td>Jeffrey Ubben</td>
      <td>New holding</td>
    </tr>
    <tr>
      <th>1</th>
      <td>HGTY</td>
      <td>Hagerty Inc - Class A</td>
      <td>-</td>
      <td>$13.65</td>
      <td>Tom Gayner</td>
      <td>New holding</td>
    </tr>
    <tr>
      <th>2</th>
      <td>WEAV</td>
      <td>Weave Communications Inc</td>
      <td>$21.13</td>
      <td>$15.37</td>
      <td>Tiger Global</td>
      <td>New holding</td>
    </tr>
  </tbody>
</table>
    </body>
</html>

--===============0007747380750239844==--

27-12-2021 09:22:25.126 INFO main_test - <module>: -----------------PGM-ENDED---------------------


30-12-2021 12:06:41.097 INFO main_test - <module>: -----------------PGM-STARTED---------------------
30-12-2021 12:06:41.098 INFO main_test - IPO_Fillant: Getting data from web...
30-12-2021 12:06:42.468 INFO scraper - get_data: There are 15 transactions on the website
30-12-2021 12:06:42.469 INFO scraper - isIPO: Checking picture: https://storage.googleapis.com/iex/api/logos/CCAP.png...
30-12-2021 12:06:42.866 INFO scraper - isIPO: Checking picture: https://storage.googleapis.com/iex/api/logos/LSXMA.png...
30-12-2021 12:06:43.145 INFO scraper - isIPO: Checking picture: https://storage.googleapis.com/iex/api/logos/CCAP.png...
30-12-2021 12:06:43.295 INFO scraper - isIPO: Checking picture: https://storage.googleapis.com/iex/api/logos/IEP.png...
30-12-2021 12:06:43.591 INFO scraper - isIPO: Checking picture: https://storage.googleapis.com/iex/api/logos/CCAP.png...
30-12-2021 12:06:43.750 INFO scraper - isIPO: Checking picture: https://storage.googleapis.com/iex/api/logos/AMPS.png...
30-12-2021 12:06:44.041 INFO scraper - get_data: Found new company ('AMPS', 'Altus Power Inc - Class A', '$10.75', '$10.10', 'Jeffrey Ubben', 'New holding')
30-12-2021 12:06:44.042 INFO scraper - isIPO: Checking picture: https://storage.googleapis.com/iex/api/logos/UPST.png...
30-12-2021 12:06:44.339 INFO scraper - isIPO: Checking picture: https://storage.googleapis.com/iex/api/logos/HGTY.png...
30-12-2021 12:06:44.628 INFO scraper - get_data: Found new company ('HGTY', 'Hagerty Inc - Class A', '-', '$14.92', 'Tom Gayner', 'New holding')
30-12-2021 12:06:44.629 INFO scraper - isIPO: Checking picture: https://storage.googleapis.com/iex/api/logos/UPST.png...
30-12-2021 12:06:44.911 INFO scraper - isIPO: Checking picture: https://storage.googleapis.com/iex/api/logos/UPST.png...
30-12-2021 12:06:45.186 INFO scraper - isIPO: Checking picture: https://storage.googleapis.com/iex/api/logos/UPST.png...
30-12-2021 12:06:45.448 INFO scraper - isIPO: Checking picture: https://storage.googleapis.com/iex/api/logos/VST.png...
30-12-2021 12:06:45.728 INFO scraper - isIPO: Checking picture: https://storage.googleapis.com/iex/api/logos/LKQ.png...
30-12-2021 12:06:46.013 INFO scraper - isIPO: Checking picture: https://storage.googleapis.com/iex/api/logos/HRI.png...
30-12-2021 12:06:46.296 INFO scraper - isIPO: Checking picture: https://storage.googleapis.com/iex/api/logos/UPST.png...
30-12-2021 12:06:46.575 INFO main_test - IPO_Fillant: checking new companies...
30-12-2021 12:06:46.601 INFO mail - check_new_companies: old companies: 
  Ticker               Company Name Investor Price       Investor       Action
0   AMPS  Altus Power Inc - Class A         $10.75  Jeffrey Ubben  New holding
1   HGTY      Hagerty Inc - Class A              -     Tom Gayner  New holding
2   WEAV   Weave Communications Inc         $21.13   Tiger Global  New holding
30-12-2021 12:06:46.612 INFO mail - check_new_companies: new companies: 
  Ticker               Company Name Investor Price       Investor       Action
0   AMPS  Altus Power Inc - Class A         $10.75  Jeffrey Ubben  New holding
1   HGTY      Hagerty Inc - Class A              -     Tom Gayner  New holding
30-12-2021 12:06:46.612 ERROR main_test - IPO_Fillant: 1
Traceback (most recent call last):
  File "C:\Users\benz1\PycharmProjects\IPO_Flippant\venv\lib\site-packages\pandas\core\indexes\base.py", line 3361, in get_loc
    return self._engine.get_loc(casted_key)
  File "pandas\_libs\index.pyx", line 76, in pandas._libs.index.IndexEngine.get_loc
  File "pandas\_libs\index.pyx", line 108, in pandas._libs.index.IndexEngine.get_loc
  File "pandas\_libs\hashtable_class_helper.pxi", line 5198, in pandas._libs.hashtable.PyObjectHashTable.get_item
  File "pandas\_libs\hashtable_class_helper.pxi", line 5206, in pandas._libs.hashtable.PyObjectHashTable.get_item
KeyError: 1

The above exception was the direct cause of the following exception:

Traceback (most recent call last):
  File "C:/Users/benz1/PycharmProjects/IPO_Flippant/main_test.py", line 20, in IPO_Fillant
    if mail.check_new_companies(data):
  File "C:\Users\benz1\PycharmProjects\IPO_Flippant\mail.py", line 20, in check_new_companies
    if not df[1].equals(old_companies[1]):
  File "C:\Users\benz1\PycharmProjects\IPO_Flippant\venv\lib\site-packages\pandas\core\frame.py", line 3458, in __getitem__
    indexer = self.columns.get_loc(key)
  File "C:\Users\benz1\PycharmProjects\IPO_Flippant\venv\lib\site-packages\pandas\core\indexes\base.py", line 3363, in get_loc
    raise KeyError(key) from err
KeyError: 1
30-12-2021 12:08:09.185 INFO main_test - <module>: -----------------PGM-STARTED---------------------
30-12-2021 12:08:09.185 INFO main_test - IPO_Fillant: Getting data from web...
30-12-2021 12:08:10.440 INFO scraper - get_data: There are 15 transactions on the website
30-12-2021 12:08:10.441 INFO scraper - isIPO: Checking picture: https://storage.googleapis.com/iex/api/logos/CCAP.png...
30-12-2021 12:08:10.592 INFO scraper - isIPO: Checking picture: https://storage.googleapis.com/iex/api/logos/LSXMA.png...
30-12-2021 12:08:10.753 INFO scraper - isIPO: Checking picture: https://storage.googleapis.com/iex/api/logos/CCAP.png...
30-12-2021 12:08:10.927 INFO scraper - isIPO: Checking picture: https://storage.googleapis.com/iex/api/logos/IEP.png...
30-12-2021 12:08:11.124 INFO scraper - isIPO: Checking picture: https://storage.googleapis.com/iex/api/logos/CCAP.png...
30-12-2021 12:08:11.290 INFO scraper - isIPO: Checking picture: https://storage.googleapis.com/iex/api/logos/AMPS.png...
30-12-2021 12:08:11.565 INFO scraper - get_data: Found new company ('AMPS', 'Altus Power Inc - Class A', '$10.75', '$10.10', 'Jeffrey Ubben', 'New holding')
30-12-2021 12:08:11.566 INFO scraper - isIPO: Checking picture: https://storage.googleapis.com/iex/api/logos/UPST.png...
30-12-2021 12:08:11.835 INFO scraper - isIPO: Checking picture: https://storage.googleapis.com/iex/api/logos/HGTY.png...
30-12-2021 12:08:12.130 INFO scraper - get_data: Found new company ('HGTY', 'Hagerty Inc - Class A', '-', '$14.92', 'Tom Gayner', 'New holding')
30-12-2021 12:08:12.131 INFO scraper - isIPO: Checking picture: https://storage.googleapis.com/iex/api/logos/UPST.png...
30-12-2021 12:08:12.410 INFO scraper - isIPO: Checking picture: https://storage.googleapis.com/iex/api/logos/UPST.png...
30-12-2021 12:08:12.690 INFO scraper - isIPO: Checking picture: https://storage.googleapis.com/iex/api/logos/UPST.png...
30-12-2021 12:08:12.974 INFO scraper - isIPO: Checking picture: https://storage.googleapis.com/iex/api/logos/VST.png...
30-12-2021 12:08:13.132 INFO scraper - isIPO: Checking picture: https://storage.googleapis.com/iex/api/logos/LKQ.png...
30-12-2021 12:08:13.287 INFO scraper - isIPO: Checking picture: https://storage.googleapis.com/iex/api/logos/HRI.png...
30-12-2021 12:08:13.443 INFO scraper - isIPO: Checking picture: https://storage.googleapis.com/iex/api/logos/UPST.png...
30-12-2021 12:08:13.723 INFO main_test - IPO_Fillant: checking new companies...
30-12-2021 12:08:13.742 INFO mail - check_new_companies: old companies: 
  Ticker               Company Name Investor Price       Investor       Action
0   AMPS  Altus Power Inc - Class A         $10.75  Jeffrey Ubben  New holding
1   HGTY      Hagerty Inc - Class A              -     Tom Gayner  New holding
30-12-2021 12:08:13.753 INFO mail - check_new_companies: new companies: 
  Ticker               Company Name Investor Price       Investor       Action
0   AMPS  Altus Power Inc - Class A         $10.75  Jeffrey Ubben  New holding
1   HGTY      Hagerty Inc - Class A              -     Tom Gayner  New holding
30-12-2021 12:09:18.621 INFO mail - check_new_companies: no companies
30-12-2021 12:10:12.787 INFO main_test - <module>: -----------------PGM-STARTED---------------------
30-12-2021 12:10:12.787 INFO main_test - IPO_Fillant: Getting data from web...
30-12-2021 12:10:14.118 INFO scraper - get_data: There are 15 transactions on the website
30-12-2021 12:10:14.119 INFO scraper - isIPO: Checking picture: https://storage.googleapis.com/iex/api/logos/CCAP.png...
30-12-2021 12:10:14.272 INFO scraper - isIPO: Checking picture: https://storage.googleapis.com/iex/api/logos/LSXMA.png...
30-12-2021 12:10:14.425 INFO scraper - isIPO: Checking picture: https://storage.googleapis.com/iex/api/logos/CCAP.png...
30-12-2021 12:10:14.595 INFO scraper - isIPO: Checking picture: https://storage.googleapis.com/iex/api/logos/IEP.png...
30-12-2021 12:10:14.801 INFO scraper - isIPO: Checking picture: https://storage.googleapis.com/iex/api/logos/CCAP.png...
30-12-2021 12:10:15.182 INFO scraper - isIPO: Checking picture: https://storage.googleapis.com/iex/api/logos/AMPS.png...
30-12-2021 12:10:15.474 INFO scraper - get_data: Found new company ('AMPS', 'Altus Power Inc - Class A', '$10.75', '$10.10', 'Jeffrey Ubben', 'New holding')
30-12-2021 12:10:15.475 INFO scraper - isIPO: Checking picture: https://storage.googleapis.com/iex/api/logos/UPST.png...
30-12-2021 12:10:15.751 INFO scraper - isIPO: Checking picture: https://storage.googleapis.com/iex/api/logos/HGTY.png...
30-12-2021 12:10:16.050 INFO scraper - get_data: Found new company ('HGTY', 'Hagerty Inc - Class A', '-', '$14.92', 'Tom Gayner', 'New holding')
30-12-2021 12:10:16.051 INFO scraper - isIPO: Checking picture: https://storage.googleapis.com/iex/api/logos/UPST.png...
30-12-2021 12:10:16.337 INFO scraper - isIPO: Checking picture: https://storage.googleapis.com/iex/api/logos/UPST.png...
30-12-2021 12:10:16.612 INFO scraper - isIPO: Checking picture: https://storage.googleapis.com/iex/api/logos/UPST.png...
30-12-2021 12:10:16.886 INFO scraper - isIPO: Checking picture: https://storage.googleapis.com/iex/api/logos/VST.png...
30-12-2021 12:10:17.042 INFO scraper - isIPO: Checking picture: https://storage.googleapis.com/iex/api/logos/LKQ.png...
30-12-2021 12:10:17.206 INFO scraper - isIPO: Checking picture: https://storage.googleapis.com/iex/api/logos/HRI.png...
30-12-2021 12:10:17.376 INFO scraper - isIPO: Checking picture: https://storage.googleapis.com/iex/api/logos/UPST.png...
30-12-2021 12:10:17.662 INFO main_test - IPO_Fillant: checking new companies...
30-12-2021 12:10:17.690 INFO mail - check_new_companies: old companies: 
  Ticker               Company Name Investor Price       Investor       Action
0   AMPS  Altus Power Inc - Class A         $11.75  Jeffrey Ubben  New holding
1   HGTY      Hagerty Inc - Class A              -     Tom Gayner  New holding
30-12-2021 12:10:17.700 INFO mail - check_new_companies: new companies: 
  Ticker               Company Name Investor Price       Investor       Action
0   AMPS  Altus Power Inc - Class A         $10.75  Jeffrey Ubben  New holding
1   HGTY      Hagerty Inc - Class A              -     Tom Gayner  New holding
30-12-2021 12:11:29.838 INFO main_test - <module>: -----------------PGM-STARTED---------------------
30-12-2021 12:11:29.839 INFO main_test - IPO_Fillant: Getting data from web...
30-12-2021 12:11:30.829 INFO scraper - get_data: There are 15 transactions on the website
30-12-2021 12:11:30.830 INFO scraper - isIPO: Checking picture: https://storage.googleapis.com/iex/api/logos/CCAP.png...
30-12-2021 12:11:31.037 INFO scraper - isIPO: Checking picture: https://storage.googleapis.com/iex/api/logos/LSXMA.png...
30-12-2021 12:11:31.204 INFO scraper - isIPO: Checking picture: https://storage.googleapis.com/iex/api/logos/CCAP.png...
30-12-2021 12:11:31.357 INFO scraper - isIPO: Checking picture: https://storage.googleapis.com/iex/api/logos/IEP.png...
30-12-2021 12:11:31.558 INFO scraper - isIPO: Checking picture: https://storage.googleapis.com/iex/api/logos/CCAP.png...
30-12-2021 12:11:31.722 INFO scraper - isIPO: Checking picture: https://storage.googleapis.com/iex/api/logos/AMPS.png...
30-12-2021 12:11:32.010 INFO scraper - get_data: Found new company ('AMPS', 'Altus Power Inc - Class A', '$10.75', '$10.10', 'Jeffrey Ubben', 'New holding')
30-12-2021 12:11:32.010 INFO scraper - isIPO: Checking picture: https://storage.googleapis.com/iex/api/logos/UPST.png...
30-12-2021 12:11:32.305 INFO scraper - isIPO: Checking picture: https://storage.googleapis.com/iex/api/logos/HGTY.png...
30-12-2021 12:11:32.592 INFO scraper - get_data: Found new company ('HGTY', 'Hagerty Inc - Class A', '-', '$14.92', 'Tom Gayner', 'New holding')
30-12-2021 12:11:32.593 INFO scraper - isIPO: Checking picture: https://storage.googleapis.com/iex/api/logos/UPST.png...
30-12-2021 12:11:32.879 INFO scraper - isIPO: Checking picture: https://storage.googleapis.com/iex/api/logos/UPST.png...
30-12-2021 12:11:33.166 INFO scraper - isIPO: Checking picture: https://storage.googleapis.com/iex/api/logos/UPST.png...
30-12-2021 12:11:33.468 INFO scraper - isIPO: Checking picture: https://storage.googleapis.com/iex/api/logos/VST.png...
30-12-2021 12:11:33.635 INFO scraper - isIPO: Checking picture: https://storage.googleapis.com/iex/api/logos/LKQ.png...
30-12-2021 12:11:33.809 INFO scraper - isIPO: Checking picture: https://storage.googleapis.com/iex/api/logos/HRI.png...
30-12-2021 12:11:33.972 INFO scraper - isIPO: Checking picture: https://storage.googleapis.com/iex/api/logos/UPST.png...
30-12-2021 12:11:34.274 INFO main_test - IPO_Fillant: checking new companies...
30-12-2021 12:11:34.292 INFO mail - check_new_companies: old companies: 
  Ticker               Company Name Investor Price       Investor       Action
0   AMPS  Altus Power Inc - Class A         $10.75  Jeffrey Ubben  New holding
1   HGTY      Hagerty Inc - Class A              -     Tom Gayner  New holding
30-12-2021 12:11:34.302 INFO mail - check_new_companies: new companies: 
  Ticker               Company Name Investor Price       Investor       Action
0   AMPS  Altus Power Inc - Class A         $10.75  Jeffrey Ubben  New holding
1   HGTY      Hagerty Inc - Class A              -     Tom Gayner  New holding
30-12-2021 12:11:42.855 INFO main_test - <module>: -----------------PGM-STARTED---------------------
30-12-2021 12:11:42.856 INFO main_test - IPO_Fillant: Getting data from web...
30-12-2021 12:11:43.878 INFO scraper - get_data: There are 15 transactions on the website
30-12-2021 12:11:43.878 INFO scraper - isIPO: Checking picture: https://storage.googleapis.com/iex/api/logos/CCAP.png...
30-12-2021 12:11:44.037 INFO scraper - isIPO: Checking picture: https://storage.googleapis.com/iex/api/logos/LSXMA.png...
30-12-2021 12:11:44.198 INFO scraper - isIPO: Checking picture: https://storage.googleapis.com/iex/api/logos/CCAP.png...
30-12-2021 12:11:44.370 INFO scraper - isIPO: Checking picture: https://storage.googleapis.com/iex/api/logos/IEP.png...
30-12-2021 12:11:44.558 INFO scraper - isIPO: Checking picture: https://storage.googleapis.com/iex/api/logos/CCAP.png...
30-12-2021 12:11:44.714 INFO scraper - isIPO: Checking picture: https://storage.googleapis.com/iex/api/logos/AMPS.png...
30-12-2021 12:11:45.053 INFO scraper - get_data: Found new company ('AMPS', 'Altus Power Inc - Class A', '$10.75', '$10.10', 'Jeffrey Ubben', 'New holding')
30-12-2021 12:11:45.054 INFO scraper - isIPO: Checking picture: https://storage.googleapis.com/iex/api/logos/UPST.png...
30-12-2021 12:11:45.329 INFO scraper - isIPO: Checking picture: https://storage.googleapis.com/iex/api/logos/HGTY.png...
30-12-2021 12:11:45.609 INFO scraper - get_data: Found new company ('HGTY', 'Hagerty Inc - Class A', '-', '$14.92', 'Tom Gayner', 'New holding')
30-12-2021 12:11:45.610 INFO scraper - isIPO: Checking picture: https://storage.googleapis.com/iex/api/logos/UPST.png...
30-12-2021 12:11:45.886 INFO scraper - isIPO: Checking picture: https://storage.googleapis.com/iex/api/logos/UPST.png...
30-12-2021 12:11:46.160 INFO scraper - isIPO: Checking picture: https://storage.googleapis.com/iex/api/logos/UPST.png...
30-12-2021 12:11:46.453 INFO scraper - isIPO: Checking picture: https://storage.googleapis.com/iex/api/logos/VST.png...
30-12-2021 12:11:46.604 INFO scraper - isIPO: Checking picture: https://storage.googleapis.com/iex/api/logos/LKQ.png...
30-12-2021 12:11:46.778 INFO scraper - isIPO: Checking picture: https://storage.googleapis.com/iex/api/logos/HRI.png...
30-12-2021 12:11:46.943 INFO scraper - isIPO: Checking picture: https://storage.googleapis.com/iex/api/logos/UPST.png...
30-12-2021 12:11:47.217 INFO main_test - IPO_Fillant: checking new companies...
30-12-2021 12:11:47.236 INFO mail - check_new_companies: old companies: 
  Ticker               Company Name Investor Price       Investor       Action
0   AMPS  Altus Power Inc - Class A         $12.75  Jeffrey Ubben  New holding
1   HGTY      Hagerty Inc - Class A              -     Tom Gayner  New holding
30-12-2021 12:11:47.247 INFO mail - check_new_companies: new companies: 
  Ticker               Company Name Investor Price       Investor       Action
0   AMPS  Altus Power Inc - Class A         $10.75  Jeffrey Ubben  New holding
1   HGTY      Hagerty Inc - Class A              -     Tom Gayner  New holding
30-12-2021 12:11:58.180 INFO mail - check_new_companies: Ticker                                 AMPS
Company Name      Altus Power Inc - Class A
Investor Price                       $10.75
Investor                      Jeffrey Ubben
Action                          New holding
Name: 0, dtype: object   
Ticker                                 AMPS
Company Name      Altus Power Inc - Class A
Investor Price                       $12.75
Investor                      Jeffrey Ubben
Action                          New holding
Name: 0, dtype: object
30-12-2021 12:12:04.945 INFO mail - check_new_companies: found new companies
30-12-2021 12:12:26.305 INFO main_test - IPO_Fillant: sending mail...
30-12-2021 12:12:26.306 INFO mail - get_receivers_address: receivers: ['luca.benzi.92@gmail.com', 'ciao@hotmail.it']
30-12-2021 12:12:26.306 INFO mail - send_mail: sender_email: btmercati@gmail.com - receiver_email: ['luca.benzi.92@gmail.com', 'ciao@hotmail.it'] 
30-12-2021 12:12:26.605 INFO mail - send_mail_ssl: login into mail account
30-12-2021 12:12:26.962 INFO mail - send_mail_ssl: login OK
30-12-2021 12:12:26.962 INFO mail - send_mail_ssl: sending mail
30-12-2021 12:12:27.941 INFO mail - send_mail_ssl: mail sent with the following message: Content-Type: multipart/alternative; boundary="===============4837582870919576357=="
MIME-Version: 1.0
Subject: INVESTITORI IPO
From: btmercati@gmail.com
To: luca.benzi.92@gmail.com, ciao@hotmail.it

--===============4837582870919576357==
Content-Type: text/html; charset="utf-8"
MIME-Version: 1.0
Content-Transfer-Encoding: base64

PCFET0NUWVBFIGh0bWw+CjxodG1sPgogICAgPGhlYWQ+CiAgICAgICAgPG1ldGEgaHR0cC1lcXVp
dj0iQ29udGVudC1UeXBlIiBjb250ZW50PSJ0ZXh0L2h0bWwgY2hhcnNldD1VVEYtOCIgLz4KICAg
ICAgICA8c3R5bGU+CiAgICAgICAgCiNjdXN0b21lcnMgewogIGZvbnQtZmFtaWx5OiBBcmlhbCwg
SGVsdmV0aWNhLCBzYW5zLXNlcmlmOwogIGJvcmRlci1jb2xsYXBzZTogY29sbGFwc2U7CiAgd2lk
dGg6IDEwMCU7Cn0KCiNjdXN0b21lcnMgdGQsICNjdXN0b21lcnMgdGggewogIGJvcmRlcjogMXB4
IHNvbGlkICNkZGQ7CiAgcGFkZGluZzogOHB4Owp9CgojY3VzdG9tZXJzIHRyOm50aC1jaGlsZChl
dmVuKXtiYWNrZ3JvdW5kLWNvbG9yOiAjZjJmMmYyO30KCiNjdXN0b21lcnMgdHI6aG92ZXIge2Jh
Y2tncm91bmQtY29sb3I6ICNkZGQ7fQoKI2N1c3RvbWVycyB0aCB7CiAgcGFkZGluZy10b3A6IDEy
cHg7CiAgcGFkZGluZy1ib3R0b206IDEycHg7CiAgdGV4dC1hbGlnbjogbGVmdDsKICBiYWNrZ3Jv
dW5kLWNvbG9yOiAjMDRBQTZEOwogIGNvbG9yOiB3aGl0ZTsKfQouRXh0ZXJuYWxDbGFzcyB7d2lk
dGg6IDEwMCU7fQoKICAgICAgICA8L3N0eWxlPgogICAgPC9oZWFkPgogICAgPGJvZHk+CiAgICA8
ZGl2PgogICAgPHRhYmxlIGJvcmRlcj0iMSIgY2xhc3M9ImRhdGFmcmFtZSIgaWQ9ImN1c3RvbWVy
cyI+CiAgPHRoZWFkPgogICAgPHRyIHN0eWxlPSJ0ZXh0LWFsaWduOiByaWdodDsiPgogICAgICA8
dGg+PC90aD4KICAgICAgPHRoPlRpY2tlcjwvdGg+CiAgICAgIDx0aD5Db21wYW55IE5hbWU8L3Ro
PgogICAgICA8dGg+SW52ZXN0b3IgUHJpY2U8L3RoPgogICAgICA8dGg+Q3VycmVudCBQcmljZTwv
dGg+CiAgICAgIDx0aD5JbnZlc3RvcjwvdGg+CiAgICAgIDx0aD5BY3Rpb248L3RoPgogICAgPC90
cj4KICA8L3RoZWFkPgogIDx0Ym9keT4KICAgIDx0cj4KICAgICAgPHRoPjA8L3RoPgogICAgICA8
dGQ+QU1QUzwvdGQ+CiAgICAgIDx0ZD5BbHR1cyBQb3dlciBJbmMgLSBDbGFzcyBBPC90ZD4KICAg
ICAgPHRkPiQxMC43NTwvdGQ+CiAgICAgIDx0ZD4kMTAuMTA8L3RkPgogICAgICA8dGQ+SmVmZnJl
eSBVYmJlbjwvdGQ+CiAgICAgIDx0ZD5OZXcgaG9sZGluZzwvdGQ+CiAgICA8L3RyPgogICAgPHRy
PgogICAgICA8dGg+MTwvdGg+CiAgICAgIDx0ZD5IR1RZPC90ZD4KICAgICAgPHRkPkhhZ2VydHkg
SW5jIC0gQ2xhc3MgQTwvdGQ+CiAgICAgIDx0ZD4tPC90ZD4KICAgICAgPHRkPiQxNC45MjwvdGQ+
CiAgICAgIDx0ZD5Ub20gR2F5bmVyPC90ZD4KICAgICAgPHRkPk5ldyBob2xkaW5nPC90ZD4KICAg
IDwvdHI+CiAgPC90Ym9keT4KPC90YWJsZT4KICAgIDwvZGl2PgogICAgPGRpdj4KICAgICAgICA8
L2JyPjwvYnI+CiAgICAgICAgPHAgYWxpZ249ImNlbnRlciIgc3R5bGU9ImNvbG9yOiAjNzc3OyBs
aW5lLWhlaWdodDogNnB4OyBmb250LXNpemU6IDc1JSI+UmljZXZpIHF1ZXN0YSBtYWlsIHBlcmNo
w4PCqSBpc2NyaXR0byBhIEJUTUVSQ0FUSTxwPgogICAgICAgIDxwIGFsaWduPSJjZW50ZXIiIHN0
eWxlPSJjb2xvcjogIzc3NzsgbGluZS1oZWlnaHQ6IDBlbTsgZm9udC1zaXplOiA3NSUiPjxhIGhy
ZWY9IiMiIHN0eWxlPSJjb2xvcjogIzc3NyI+Q2xpY2NhIHF1aTwvYT4gcGVyIGRpc2lzY3JpdmVy
dGk8cD4KICAgIDwvZGl2PgogICAgPC9ib2R5Pgo8L2h0bWw+Cg==

--===============4837582870919576357==--

30-12-2021 12:12:27.984 INFO main_test - <module>: -----------------PGM-ENDED---------------------


30-12-2021 12:15:55.120 INFO main_test - <module>: -----------------PGM-STARTED---------------------
30-12-2021 12:15:55.120 INFO main_test - IPO_Fillant: Getting data from web...
30-12-2021 12:15:56.479 INFO scraper - get_data: There are 15 transactions on the website
30-12-2021 12:15:56.479 INFO scraper - isIPO: Checking picture: https://storage.googleapis.com/iex/api/logos/CCAP.png...
30-12-2021 12:15:56.639 INFO scraper - isIPO: Checking picture: https://storage.googleapis.com/iex/api/logos/LSXMA.png...
30-12-2021 12:15:56.800 INFO scraper - isIPO: Checking picture: https://storage.googleapis.com/iex/api/logos/IEP.png...
30-12-2021 12:15:57.008 INFO scraper - isIPO: Checking picture: https://storage.googleapis.com/iex/api/logos/CCAP.png...
30-12-2021 12:15:57.167 INFO scraper - isIPO: Checking picture: https://storage.googleapis.com/iex/api/logos/CCAP.png...
30-12-2021 12:15:57.318 INFO scraper - isIPO: Checking picture: https://storage.googleapis.com/iex/api/logos/AMPS.png...
30-12-2021 12:15:57.609 INFO scraper - get_data: Found new company ('AMPS', 'Altus Power Inc - Class A', '$10.75', '$10.10', 'Jeffrey Ubben', 'New holding')
30-12-2021 12:15:57.609 INFO scraper - isIPO: Checking picture: https://storage.googleapis.com/iex/api/logos/UPST.png...
30-12-2021 12:15:57.902 INFO scraper - isIPO: Checking picture: https://storage.googleapis.com/iex/api/logos/HGTY.png...
30-12-2021 12:15:58.176 INFO scraper - get_data: Found new company ('HGTY', 'Hagerty Inc - Class A', '-', '$14.92', 'Tom Gayner', 'New holding')
30-12-2021 12:15:58.176 INFO scraper - isIPO: Checking picture: https://storage.googleapis.com/iex/api/logos/UPST.png...
30-12-2021 12:15:58.452 INFO scraper - isIPO: Checking picture: https://storage.googleapis.com/iex/api/logos/UPST.png...
30-12-2021 12:15:58.727 INFO scraper - isIPO: Checking picture: https://storage.googleapis.com/iex/api/logos/VST.png...
30-12-2021 12:15:58.882 INFO scraper - isIPO: Checking picture: https://storage.googleapis.com/iex/api/logos/UPST.png...
30-12-2021 12:15:59.168 INFO scraper - isIPO: Checking picture: https://storage.googleapis.com/iex/api/logos/LKQ.png...
30-12-2021 12:15:59.335 INFO scraper - isIPO: Checking picture: https://storage.googleapis.com/iex/api/logos/HRI.png...
30-12-2021 12:15:59.486 INFO scraper - isIPO: Checking picture: https://storage.googleapis.com/iex/api/logos/WEAV.png...
30-12-2021 12:15:59.768 INFO scraper - get_data: Found new company ('WEAV', 'Weave Communications Inc', '$21.13', '$14.33', 'Tiger Global', 'New holding')
30-12-2021 12:15:59.769 INFO main_test - IPO_Fillant: checking new companies...
30-12-2021 12:15:59.777 INFO mail - check_new_companies: old companies: 
  Ticker               Company Name Investor Price       Investor       Action
0   AMPS  Altus Power Inc - Class A         $1a.75  Jeffrey Ubben  New holding
1   HGTY      Hagerty Inc - Class A              -     Tom Gayner  New holding
30-12-2021 12:15:59.781 INFO mail - check_new_companies: new companies: 
  Ticker               Company Name Investor Price       Investor       Action
0   AMPS  Altus Power Inc - Class A         $10.75  Jeffrey Ubben  New holding
1   HGTY      Hagerty Inc - Class A              -     Tom Gayner  New holding
2   WEAV   Weave Communications Inc         $21.13   Tiger Global  New holding
30-12-2021 12:15:59.782 INFO mail - check_new_companies: found new companies
30-12-2021 12:15:59.782 INFO main_test - IPO_Fillant: sending mail...
30-12-2021 12:15:59.782 INFO mail - get_receivers_address: receivers: ['luca.benzi.92@gmail.com', 'ciao@hotmail.it']
30-12-2021 12:15:59.782 INFO mail - send_mail: sender_email: btmercati@gmail.com - receiver_email: ['luca.benzi.92@gmail.com', 'ciao@hotmail.it'] 
30-12-2021 12:15:59.961 INFO mail - send_mail_ssl: login into mail account
30-12-2021 12:16:00.277 INFO mail - send_mail_ssl: login OK
30-12-2021 12:16:00.277 INFO mail - send_mail_ssl: sending mail
30-12-2021 12:16:01.034 INFO mail - send_mail_ssl: mail sent with the following message: 
Content-Type: multipart/alternative; boundary="===============3115352481044619087=="
MIME-Version: 1.0
Subject: INVESTITORI IPO
From: btmercati@gmail.com
To: luca.benzi.92@gmail.com, ciao@hotmail.it

--===============3115352481044619087==
Content-Type: text/html; charset="utf-8"
MIME-Version: 1.0
Content-Transfer-Encoding: base64

PCFET0NUWVBFIGh0bWw+CjxodG1sPgogICAgPGhlYWQ+CiAgICAgICAgPG1ldGEgaHR0cC1lcXVp
dj0iQ29udGVudC1UeXBlIiBjb250ZW50PSJ0ZXh0L2h0bWwgY2hhcnNldD1VVEYtOCIgLz4KICAg
ICAgICA8c3R5bGU+CiAgICAgICAgCiNjdXN0b21lcnMgewogIGZvbnQtZmFtaWx5OiBBcmlhbCwg
SGVsdmV0aWNhLCBzYW5zLXNlcmlmOwogIGJvcmRlci1jb2xsYXBzZTogY29sbGFwc2U7CiAgd2lk
dGg6IDEwMCU7Cn0KCiNjdXN0b21lcnMgdGQsICNjdXN0b21lcnMgdGggewogIGJvcmRlcjogMXB4
IHNvbGlkICNkZGQ7CiAgcGFkZGluZzogOHB4Owp9CgojY3VzdG9tZXJzIHRyOm50aC1jaGlsZChl
dmVuKXtiYWNrZ3JvdW5kLWNvbG9yOiAjZjJmMmYyO30KCiNjdXN0b21lcnMgdHI6aG92ZXIge2Jh
Y2tncm91bmQtY29sb3I6ICNkZGQ7fQoKI2N1c3RvbWVycyB0aCB7CiAgcGFkZGluZy10b3A6IDEy
cHg7CiAgcGFkZGluZy1ib3R0b206IDEycHg7CiAgdGV4dC1hbGlnbjogbGVmdDsKICBiYWNrZ3Jv
dW5kLWNvbG9yOiAjMDRBQTZEOwogIGNvbG9yOiB3aGl0ZTsKfQouRXh0ZXJuYWxDbGFzcyB7d2lk
dGg6IDEwMCU7fQoKICAgICAgICA8L3N0eWxlPgogICAgPC9oZWFkPgogICAgPGJvZHk+CiAgICA8
ZGl2PgogICAgPHRhYmxlIGJvcmRlcj0iMSIgY2xhc3M9ImRhdGFmcmFtZSIgaWQ9ImN1c3RvbWVy
cyI+CiAgPHRoZWFkPgogICAgPHRyIHN0eWxlPSJ0ZXh0LWFsaWduOiByaWdodDsiPgogICAgICA8
dGg+PC90aD4KICAgICAgPHRoPlRpY2tlcjwvdGg+CiAgICAgIDx0aD5Db21wYW55IE5hbWU8L3Ro
PgogICAgICA8dGg+SW52ZXN0b3IgUHJpY2U8L3RoPgogICAgICA8dGg+Q3VycmVudCBQcmljZTwv
dGg+CiAgICAgIDx0aD5JbnZlc3RvcjwvdGg+CiAgICAgIDx0aD5BY3Rpb248L3RoPgogICAgPC90
cj4KICA8L3RoZWFkPgogIDx0Ym9keT4KICAgIDx0cj4KICAgICAgPHRoPjA8L3RoPgogICAgICA8
dGQ+QU1QUzwvdGQ+CiAgICAgIDx0ZD5BbHR1cyBQb3dlciBJbmMgLSBDbGFzcyBBPC90ZD4KICAg
ICAgPHRkPiQxMC43NTwvdGQ+CiAgICAgIDx0ZD4kMTAuMTA8L3RkPgogICAgICA8dGQ+SmVmZnJl
eSBVYmJlbjwvdGQ+CiAgICAgIDx0ZD5OZXcgaG9sZGluZzwvdGQ+CiAgICA8L3RyPgogICAgPHRy
PgogICAgICA8dGg+MTwvdGg+CiAgICAgIDx0ZD5IR1RZPC90ZD4KICAgICAgPHRkPkhhZ2VydHkg
SW5jIC0gQ2xhc3MgQTwvdGQ+CiAgICAgIDx0ZD4tPC90ZD4KICAgICAgPHRkPiQxNC45MjwvdGQ+
CiAgICAgIDx0ZD5Ub20gR2F5bmVyPC90ZD4KICAgICAgPHRkPk5ldyBob2xkaW5nPC90ZD4KICAg
IDwvdHI+CiAgICA8dHI+CiAgICAgIDx0aD4yPC90aD4KICAgICAgPHRkPldFQVY8L3RkPgogICAg
ICA8dGQ+V2VhdmUgQ29tbXVuaWNhdGlvbnMgSW5jPC90ZD4KICAgICAgPHRkPiQyMS4xMzwvdGQ+
CiAgICAgIDx0ZD4kMTQuMzM8L3RkPgogICAgICA8dGQ+VGlnZXIgR2xvYmFsPC90ZD4KICAgICAg
PHRkPk5ldyBob2xkaW5nPC90ZD4KICAgIDwvdHI+CiAgPC90Ym9keT4KPC90YWJsZT4KICAgIDwv
ZGl2PgogICAgPGRpdj4KICAgICAgICA8L2JyPjwvYnI+CiAgICAgICAgPHAgYWxpZ249ImNlbnRl
ciIgc3R5bGU9ImNvbG9yOiAjNzc3OyBsaW5lLWhlaWdodDogNnB4OyBmb250LXNpemU6IDc1JSI+
UmljZXZpIHF1ZXN0YSBtYWlsIHBlcmNow4PCqSBpc2NyaXR0byBhIEJUTUVSQ0FUSTxwPgogICAg
ICAgIDxwIGFsaWduPSJjZW50ZXIiIHN0eWxlPSJjb2xvcjogIzc3NzsgbGluZS1oZWlnaHQ6IDBl
bTsgZm9udC1zaXplOiA3NSUiPjxhIGhyZWY9IiMiIHN0eWxlPSJjb2xvcjogIzc3NyI+Q2xpY2Nh
IHF1aTwvYT4gcGVyIGRpc2lzY3JpdmVydGk8cD4KICAgIDwvZGl2PgogICAgPC9ib2R5Pgo8L2h0
bWw+Cg==

--===============3115352481044619087==--

30-12-2021 12:16:01.089 INFO main_test - <module>: -----------------PGM-ENDED---------------------


30-12-2021 12:30:31.531 INFO main_test - <module>: -----------------PGM-STARTED---------------------
30-12-2021 12:30:31.531 INFO main_test - IPO_Fillant: Getting data from web...
30-12-2021 12:30:32.686 INFO scraper - get_data: There are 15 transactions on the website
30-12-2021 12:30:32.687 INFO scraper - isIPO: Checking picture: https://storage.googleapis.com/iex/api/logos/CCAP.png...
30-12-2021 12:30:33.023 INFO scraper - isIPO: Checking picture: https://storage.googleapis.com/iex/api/logos/LSXMA.png...
30-12-2021 12:30:33.300 INFO scraper - isIPO: Checking picture: https://storage.googleapis.com/iex/api/logos/CCAP.png...
30-12-2021 12:30:33.460 INFO scraper - isIPO: Checking picture: https://storage.googleapis.com/iex/api/logos/IEP.png...
30-12-2021 12:30:33.766 INFO scraper - isIPO: Checking picture: https://storage.googleapis.com/iex/api/logos/CCAP.png...
30-12-2021 12:30:33.921 INFO scraper - isIPO: Checking picture: https://storage.googleapis.com/iex/api/logos/AMPS.png...
30-12-2021 12:30:34.236 INFO scraper - get_data: Found new company ('AMPS', 'Altus Power Inc - Class A', '$10.75', '$10.10', 'Jeffrey Ubben', 'New holding')
30-12-2021 12:30:34.236 INFO scraper - isIPO: Checking picture: https://storage.googleapis.com/iex/api/logos/UPST.png...
30-12-2021 12:30:34.519 INFO scraper - isIPO: Checking picture: https://storage.googleapis.com/iex/api/logos/HGTY.png...
30-12-2021 12:30:34.782 INFO scraper - get_data: Found new company ('HGTY', 'Hagerty Inc - Class A', '-', '$14.92', 'Tom Gayner', 'New holding')
30-12-2021 12:30:34.783 INFO scraper - isIPO: Checking picture: https://storage.googleapis.com/iex/api/logos/UPST.png...
30-12-2021 12:30:35.060 INFO scraper - isIPO: Checking picture: https://storage.googleapis.com/iex/api/logos/UPST.png...
30-12-2021 12:30:35.332 INFO scraper - isIPO: Checking picture: https://storage.googleapis.com/iex/api/logos/UPST.png...
30-12-2021 12:30:35.613 INFO scraper - isIPO: Checking picture: https://storage.googleapis.com/iex/api/logos/VST.png...
30-12-2021 12:30:35.890 INFO scraper - isIPO: Checking picture: https://storage.googleapis.com/iex/api/logos/LKQ.png...
30-12-2021 12:30:36.180 INFO scraper - isIPO: Checking picture: https://storage.googleapis.com/iex/api/logos/HRI.png...
30-12-2021 12:30:36.572 INFO scraper - isIPO: Checking picture: https://storage.googleapis.com/iex/api/logos/UPST.png...
30-12-2021 12:30:36.851 INFO main_test - IPO_Fillant: checking new companies...
30-12-2021 12:30:36.873 INFO mail - check_new_companies: old companies: 
  Ticker               Company Name Investor Price       Investor       Action
0   AMPS  Altus Power Inc - Class A         $1a.75  Jeffrey Ubben  New holding
1   HGTY      Hagerty Inc - Class A              -     Tom Gayner  New holding
2   WEAV   Weave Communications Inc         $21.13   Tiger Global  New holding
30-12-2021 12:30:36.877 INFO mail - check_new_companies: new companies: 
  Ticker               Company Name Investor Price       Investor       Action
0   AMPS  Altus Power Inc - Class A         $10.75  Jeffrey Ubben  New holding
1   HGTY      Hagerty Inc - Class A              -     Tom Gayner  New holding
30-12-2021 12:30:36.877 INFO mail - check_new_companies: found new companies
30-12-2021 12:30:36.877 INFO main_test - IPO_Fillant: sending mail...
30-12-2021 12:30:36.878 INFO mail - get_receivers_address: receivers: ['luca.benzi.92@gmail.com', 'ciao@hotmail.it']
30-12-2021 12:30:36.878 INFO mail - send_mail: sender_email: btmercati@gmail.com - receiver_email: ['luca.benzi.92@gmail.com', 'ciao@hotmail.it'] 
30-12-2021 12:30:37.110 INFO mail - send_mail_ssl: login into mail account
30-12-2021 12:30:37.414 INFO mail - send_mail_ssl: login OK
30-12-2021 12:30:37.414 INFO mail - send_mail_ssl: sending mail
30-12-2021 12:30:38.324 INFO mail - send_mail_ssl: mail sent with the following message: 
Content-Type: multipart/alternative; boundary="===============6253699571092902553=="
MIME-Version: 1.0
Subject: INVESTITORI IPO
From: btmercati@gmail.com
To: luca.benzi.92@gmail.com, ciao@hotmail.it

--===============6253699571092902553==
Content-Type: text/html; charset="us-ascii"
MIME-Version: 1.0
Content-Transfer-Encoding: 7bit

<!DOCTYPE html>
<html>
    <head>
        <meta http-equiv="Content-Type" content="text/html charset=UTF-8" />
        <style>
        
#customers {
  font-family: Arial, Helvetica, sans-serif;
  border-collapse: collapse;
  width: 100%;
}

#customers td, #customers th {
  border: 1px solid #ddd;
  padding: 8px;
}

#customers tr:nth-child(even){background-color: #f2f2f2;}

#customers tr:hover {background-color: #ddd;}

#customers th {
  padding-top: 12px;
  padding-bottom: 12px;
  text-align: left;
  background-color: #04AA6D;
  color: white;
}
.ExternalClass {width: 100%;}

        </style>
    </head>
    <body>
    <div>
    <table border="1" class="dataframe" id="customers">
  <thead>
    <tr style="text-align: right;">
      <th></th>
      <th>Ticker</th>
      <th>Company Name</th>
      <th>Investor Price</th>
      <th>Current Price</th>
      <th>Investor</th>
      <th>Action</th>
    </tr>
  </thead>
  <tbody>
    <tr>
      <th>0</th>
      <td>AMPS</td>
      <td>Altus Power Inc - Class A</td>
      <td>$10.75</td>
      <td>$10.10</td>
      <td>Jeffrey Ubben</td>
      <td>New holding</td>
    </tr>
    <tr>
      <th>1</th>
      <td>HGTY</td>
      <td>Hagerty Inc - Class A</td>
      <td>-</td>
      <td>$14.92</td>
      <td>Tom Gayner</td>
      <td>New holding</td>
    </tr>
  </tbody>
</table>
    </div>
    <div>
        </br></br>
        <p align="center" style="color: #777; line-height: 6px; font-size: 75%">Ricevi questa mail perche' iscritto a BTMERCATI<p>
        <p align="center" style="color: #777; line-height: 0em; font-size: 75%"><a href="#" style="color: #777">Clicca qui</a> per disiscriverti<p>
    </div>
    </body>
</html>

--===============6253699571092902553==--

30-12-2021 12:30:38.369 INFO main_test - <module>: -----------------PGM-ENDED---------------------


